<?xml version="1.0" encoding="UTF-8"?>
<coverage generated="1522381893837" clover="3.2.0">
  <project timestamp="1522381893837" name="All files">
    <metrics statements="283" coveredstatements="196" conditionals="154" coveredconditionals="85" methods="27" coveredmethods="15" elements="464" coveredelements="296" complexity="0" loc="283" ncloc="283" packages="2" files="2" classes="2">
      <package name="js">
        <metrics statements="93" coveredstatements="93" conditionals="54" coveredconditionals="47" methods="6" coveredmethods="6"/>
        <file name="setTempUILimited.js" path="E:\Workspace\SetTempRange\static\js\setTempUILimited.js">
          <metrics statements="93" coveredstatements="93" conditionals="54" coveredconditionals="47" methods="6" coveredmethods="6"/>
          <line num="21" count="1" type="stmt"/>
          <line num="43" count="45" type="stmt"/>
          <line num="44" count="45" type="stmt"/>
          <line num="48" count="45" type="stmt"/>
          <line num="56" count="45" type="stmt"/>
          <line num="65" count="45" type="stmt"/>
          <line num="73" count="45" type="stmt"/>
          <line num="76" count="45" type="stmt"/>
          <line num="79" count="45" type="stmt"/>
          <line num="82" count="45" type="stmt"/>
          <line num="85" count="45" type="cond" truecount="2" falsecount="0"/>
          <line num="86" count="43" type="stmt"/>
          <line num="87" count="43" type="stmt"/>
          <line num="88" count="215" type="stmt"/>
          <line num="89" count="215" type="stmt"/>
          <line num="90" count="215" type="stmt"/>
          <line num="92" count="43" type="stmt"/>
          <line num="93" count="43" type="stmt"/>
          <line num="94" count="43" type="stmt"/>
          <line num="96" count="2" type="stmt"/>
          <line num="97" count="2" type="stmt"/>
          <line num="98" count="4" type="stmt"/>
          <line num="99" count="4" type="stmt"/>
          <line num="100" count="4" type="stmt"/>
          <line num="103" count="2" type="stmt"/>
          <line num="106" count="2" type="stmt"/>
          <line num="111" count="45" type="cond" truecount="4" falsecount="0"/>
          <line num="113" count="30" type="stmt"/>
          <line num="114" count="30" type="stmt"/>
          <line num="115" count="30" type="stmt"/>
          <line num="123" count="45" type="stmt"/>
          <line num="124" count="45" type="stmt"/>
          <line num="125" count="97" type="cond" truecount="2" falsecount="0"/>
          <line num="126" count="60" type="cond" truecount="5" falsecount="0"/>
          <line num="129" count="41" type="stmt"/>
          <line num="130" count="19" type="cond" truecount="5" falsecount="0"/>
          <line num="133" count="2" type="stmt"/>
          <line num="137" count="43" type="cond" truecount="2" falsecount="0"/>
          <line num="138" count="4" type="stmt"/>
          <line num="140" count="43" type="stmt"/>
          <line num="148" count="45" type="stmt"/>
          <line num="149" count="98" type="cond" truecount="4" falsecount="0"/>
          <line num="151" count="45" type="stmt"/>
          <line num="155" count="45" type="stmt"/>
          <line num="159" count="45" type="stmt"/>
          <line num="160" count="53" type="cond" truecount="1" falsecount="1"/>
          <line num="161" count="53" type="stmt"/>
          <line num="165" count="53" type="stmt"/>
          <line num="169" count="53" type="stmt"/>
          <line num="173" count="53" type="stmt"/>
          <line num="177" count="53" type="stmt"/>
          <line num="181" count="53" type="stmt"/>
          <line num="182" count="53" type="stmt"/>
          <line num="185" count="98" type="cond" truecount="1" falsecount="1"/>
          <line num="186" count="98" type="stmt"/>
          <line num="190" count="98" type="stmt"/>
          <line num="194" count="98" type="stmt"/>
          <line num="197" count="98" type="cond" truecount="1" falsecount="1"/>
          <line num="198" count="98" type="stmt"/>
          <line num="202" count="98" type="stmt"/>
          <line num="206" count="98" type="stmt"/>
          <line num="218" count="30" type="stmt"/>
          <line num="219" count="30" type="stmt"/>
          <line num="222" count="30" type="stmt"/>
          <line num="227" count="30" type="cond" truecount="2" falsecount="0"/>
          <line num="228" count="1" type="stmt"/>
          <line num="230" count="30" type="cond" truecount="2" falsecount="0"/>
          <line num="231" count="1" type="stmt"/>
          <line num="234" count="30" type="stmt"/>
          <line num="241" count="45" type="stmt"/>
          <line num="242" count="98" type="cond" truecount="1" falsecount="1"/>
          <line num="243" count="98" type="cond" truecount="4" falsecount="0"/>
          <line num="245" count="45" type="stmt"/>
          <line num="249" count="45" type="stmt"/>
          <line num="253" count="53" type="cond" truecount="1" falsecount="1"/>
          <line num="254" count="53" type="stmt"/>
          <line num="258" count="53" type="stmt"/>
          <line num="262" count="53" type="stmt"/>
          <line num="266" count="53" type="stmt"/>
          <line num="272" count="98" type="cond" truecount="1" falsecount="1"/>
          <line num="273" count="98" type="stmt"/>
          <line num="277" count="98" type="stmt"/>
          <line num="283" count="98" type="cond" truecount="1" falsecount="1"/>
          <line num="284" count="98" type="stmt"/>
          <line num="288" count="98" type="stmt"/>
          <line num="304" count="219" type="cond" truecount="4" falsecount="0"/>
          <line num="305" count="80" type="stmt"/>
          <line num="307" count="139" type="stmt"/>
          <line num="308" count="139" type="stmt"/>
          <line num="309" count="139" type="stmt"/>
          <line num="311" count="139" type="stmt"/>
          <line num="314" count="45" type="stmt"/>
          <line num="318" count="1" type="stmt"/>
        </file>
      </package>
      <package name="vendor">
        <metrics statements="190" coveredstatements="103" conditionals="100" coveredconditionals="38" methods="21" coveredmethods="9"/>
        <file name="csv.js" path="E:\Workspace\SetTempRange\static\vendor\csv.js">
          <metrics statements="190" coveredstatements="103" conditionals="100" coveredconditionals="38" methods="21" coveredmethods="9"/>
          <line num="24" count="1" type="stmt"/>
          <line num="31" count="1" type="stmt"/>
          <line num="32" count="1" type="stmt"/>
          <line num="33" count="1" type="stmt"/>
          <line num="34" count="1" type="stmt"/>
          <line num="35" count="1" type="stmt"/>
          <line num="36" count="1" type="stmt"/>
          <line num="37" count="1" type="stmt"/>
          <line num="38" count="1" type="stmt"/>
          <line num="39" count="1" type="stmt"/>
          <line num="41" count="1" type="stmt"/>
          <line num="43" count="1" type="stmt"/>
          <line num="44" count="1" type="stmt"/>
          <line num="45" count="1" type="stmt"/>
          <line num="46" count="1" type="stmt"/>
          <line num="48" count="1" type="stmt"/>
          <line num="49" count="1" type="stmt"/>
          <line num="50" count="1" type="stmt"/>
          <line num="51" count="1" type="stmt"/>
          <line num="52" count="1" type="stmt"/>
          <line num="55" count="1" type="stmt"/>
          <line num="56" count="1" type="stmt"/>
          <line num="57" count="1" type="stmt"/>
          <line num="58" count="1" type="stmt"/>
          <line num="82" count="1" type="stmt"/>
          <line num="83" count="180" type="stmt"/>
          <line num="84" count="180" type="stmt"/>
          <line num="85" count="180" type="stmt"/>
          <line num="86" count="180" type="stmt"/>
          <line num="88" count="180" type="stmt"/>
          <line num="91" count="180" type="stmt"/>
          <line num="93" count="34738" type="stmt"/>
          <line num="94" count="34738" type="stmt"/>
          <line num="97" count="34738" type="cond" truecount="2" falsecount="0"/>
          <line num="98" count="180" type="cond" truecount="1" falsecount="1"/>
          <line num="99" count="0" type="stmt"/>
          <line num="101" count="180" type="cond" truecount="2" falsecount="0"/>
          <line num="102" count="45" type="stmt"/>
          <line num="103" count="45" type="stmt"/>
          <line num="106" count="180" type="stmt"/>
          <line num="107" count="180" type="stmt"/>
          <line num="108" count="180" type="stmt"/>
          <line num="111" count="34558" type="cond" truecount="2" falsecount="0"/>
          <line num="113" count="384" type="cond" truecount="2" falsecount="4"/>
          <line num="114" count="0" type="stmt"/>
          <line num="116" count="384" type="stmt"/>
          <line num="120" count="34558" type="cond" truecount="2" falsecount="0"/>
          <line num="122" count="16098" type="cond" truecount="3" falsecount="2"/>
          <line num="123" count="0" type="cond" truecount="0" falsecount="4"/>
          <line num="124" count="0" type="stmt"/>
          <line num="128" count="0" type="stmt"/>
          <line num="132" count="16098" type="cond" truecount="2" falsecount="2"/>
          <line num="133" count="0" type="stmt"/>
          <line num="134" count="0" type="stmt"/>
          <line num="135" count="0" type="stmt"/>
          <line num="136" count="0" type="stmt"/>
          <line num="138" count="16098" type="stmt"/>
          <line num="142" count="34558" type="cond" truecount="3" falsecount="1"/>
          <line num="143" count="0" type="cond" truecount="0" falsecount="2"/>
          <line num="144" count="0" type="cond" truecount="0" falsecount="2"/>
          <line num="145" count="0" type="stmt"/>
          <line num="146" count="0" type="stmt"/>
          <line num="147" count="0" type="stmt"/>
          <line num="150" count="0" type="stmt"/>
          <line num="151" count="0" type="stmt"/>
          <line num="152" count="0" type="stmt"/>
          <line num="156" count="0" type="stmt"/>
          <line num="157" count="0" type="stmt"/>
          <line num="159" count="0" type="stmt"/>
          <line num="163" count="34558" type="cond" truecount="2" falsecount="0"/>
          <line num="164" count="519" type="cond" truecount="1" falsecount="1"/>
          <line num="165" count="519" type="stmt"/>
          <line num="166" count="0" type="cond" truecount="0" falsecount="2"/>
          <line num="167" count="0" type="stmt"/>
          <line num="168" count="519" type="stmt"/>
          <line num="169" count="519" type="stmt"/>
          <line num="171" count="34039" type="cond" truecount="1" falsecount="1"/>
          <line num="172" count="0" type="cond" truecount="0" falsecount="4"/>
          <line num="173" count="0" type="stmt"/>
          <line num="174" count="0" type="stmt"/>
          <line num="175" count="0" type="stmt"/>
          <line num="177" count="34039" type="cond" truecount="2" falsecount="0"/>
          <line num="178" count="15534" type="stmt"/>
          <line num="180" count="18505" type="cond" truecount="1" falsecount="1"/>
          <line num="181" count="18505" type="stmt"/>
          <line num="182" count="18505" type="stmt"/>
          <line num="184" count="0" type="cond" truecount="0" falsecount="4"/>
          <line num="185" count="0" type="cond" truecount="0" falsecount="2"/>
          <line num="186" count="0" type="stmt"/>
          <line num="188" count="0" type="cond" truecount="0" falsecount="2"/>
          <line num="189" count="0" type="stmt"/>
          <line num="192" count="180" type="stmt"/>
          <line num="202" count="1" type="stmt"/>
          <line num="203" count="0" type="stmt"/>
          <line num="204" count="0" type="stmt"/>
          <line num="205" count="0" type="stmt"/>
          <line num="206" count="0" type="stmt"/>
          <line num="207" count="0" type="stmt"/>
          <line num="208" count="0" type="stmt"/>
          <line num="209" count="0" type="stmt"/>
          <line num="213" count="0" type="stmt"/>
          <line num="214" count="0" type="cond" truecount="0" falsecount="2"/>
          <line num="217" count="0" type="stmt"/>
          <line num="218" count="0" type="stmt"/>
          <line num="219" count="0" type="stmt"/>
          <line num="222" count="0" type="stmt"/>
          <line num="223" count="0" type="cond" truecount="0" falsecount="2"/>
          <line num="224" count="0" type="stmt"/>
          <line num="225" count="0" type="stmt"/>
          <line num="227" count="0" type="stmt"/>
          <line num="229" count="0" type="stmt"/>
          <line num="232" count="1" type="stmt"/>
          <line num="233" count="0" type="stmt"/>
          <line num="234" count="0" type="stmt"/>
          <line num="235" count="0" type="stmt"/>
          <line num="236" count="0" type="stmt"/>
          <line num="237" count="0" type="stmt"/>
          <line num="238" count="0" type="stmt"/>
          <line num="240" count="0" type="stmt"/>
          <line num="243" count="1" type="stmt"/>
          <line num="244" count="180" type="stmt"/>
          <line num="245" count="180" type="stmt"/>
          <line num="246" count="180" type="stmt"/>
          <line num="247" count="180" type="stmt"/>
          <line num="248" count="180" type="stmt"/>
          <line num="249" count="180" type="stmt"/>
          <line num="250" count="180" type="stmt"/>
          <line num="253" count="1" type="stmt"/>
          <line num="254" count="0" type="stmt"/>
          <line num="256" count="0" type="stmt"/>
          <line num="257" count="0" type="stmt"/>
          <line num="258" count="0" type="cond" truecount="0" falsecount="4"/>
          <line num="259" count="0" type="stmt"/>
          <line num="262" count="0" type="stmt"/>
          <line num="265" count="1" type="stmt"/>
          <line num="266" count="564" type="stmt"/>
          <line num="267" count="564" type="stmt"/>
          <line num="268" count="564" type="stmt"/>
          <line num="269" count="564" type="stmt"/>
          <line num="272" count="1" type="stmt"/>
          <line num="273" count="564" type="stmt"/>
          <line num="274" count="564" type="cond" truecount="6" falsecount="1"/>
          <line num="275" count="0" type="stmt"/>
          <line num="277" count="564" type="stmt"/>
          <line num="278" count="564" type="stmt"/>
          <line num="279" count="564" type="stmt"/>
          <line num="282" count="1" type="stmt"/>
          <line num="283" count="16098" type="cond" truecount="1" falsecount="1"/>
          <line num="284" count="16098" type="stmt"/>
          <line num="286" count="0" type="cond" truecount="0" falsecount="2"/>
          <line num="287" count="0" type="stmt"/>
          <line num="289" count="0" type="cond" truecount="0" falsecount="2"/>
          <line num="290" count="0" type="stmt"/>
          <line num="292" count="0" type="cond" truecount="0" falsecount="2"/>
          <line num="293" count="0" type="stmt"/>
          <line num="295" count="16098" type="stmt"/>
          <line num="298" count="1" type="stmt"/>
          <line num="299" count="16662" type="stmt"/>
          <line num="301" count="16662" type="stmt"/>
          <line num="304" count="1" type="stmt"/>
          <line num="305" count="16098" type="cond" truecount="1" falsecount="1"/>
          <line num="306" count="16098" type="stmt"/>
          <line num="308" count="16098" type="stmt"/>
          <line num="309" count="16098" type="stmt"/>
          <line num="310" count="16098" type="stmt"/>
          <line num="313" count="1" type="stmt"/>
          <line num="314" count="70829" type="cond" truecount="1" falsecount="1"/>
          <line num="315" count="0" type="stmt"/>
          <line num="318" count="1" type="stmt"/>
          <line num="319" count="0" type="stmt"/>
          <line num="328" count="1" type="stmt"/>
          <line num="329" count="0" type="stmt"/>
          <line num="330" count="0" type="stmt"/>
          <line num="331" count="0" type="stmt"/>
          <line num="334" count="1" type="stmt"/>
          <line num="335" count="0" type="stmt"/>
          <line num="336" count="0" type="stmt"/>
          <line num="337" count="0" type="stmt"/>
          <line num="338" count="0" type="stmt"/>
          <line num="341" count="0" type="stmt"/>
          <line num="342" count="0" type="stmt"/>
          <line num="350" count="1" type="cond" truecount="3" falsecount="1"/>
          <line num="351" count="1" type="stmt"/>
          <line num="356" count="0" type="cond" truecount="0" falsecount="2"/>
          <line num="357" count="0" type="stmt"/>
          <line num="362" count="0" type="cond" truecount="0" falsecount="4"/>
          <line num="363" count="0" type="stmt"/>
          <line num="364" count="0" type="stmt"/>
          <line num="370" count="0" type="cond" truecount="0" falsecount="2"/>
          <line num="371" count="0" type="stmt"/>
        </file>
      </package>
    </metrics>
  </project>
</coverage>
