<?xml version="1.0" encoding="UTF-8"?>
<coverage generated="1521011258733" clover="3.2.0">
  <project timestamp="1521011258733" name="All files">
    <metrics statements="281" coveredstatements="184" conditionals="169" coveredconditionals="90" methods="29" coveredmethods="17" elements="479" coveredelements="291" complexity="0" loc="281" ncloc="281" packages="2" files="2" classes="2">
      <package name="js">
        <metrics statements="91" coveredstatements="81" conditionals="69" coveredconditionals="52" methods="8" coveredmethods="8"/>
        <file name="setTempUILimited.js" path="E:\Workspace\SetTempRange\static\js\setTempUILimited.js">
          <metrics statements="91" coveredstatements="81" conditionals="69" coveredconditionals="52" methods="8" coveredmethods="8"/>
          <line num="21" count="1" type="stmt"/>
          <line num="40" count="15" type="stmt"/>
          <line num="41" count="15" type="stmt"/>
          <line num="43" count="15" type="stmt"/>
          <line num="51" count="15" type="stmt"/>
          <line num="59" count="15" type="stmt"/>
          <line num="61" count="15" type="stmt"/>
          <line num="64" count="15" type="cond" truecount="1" falsecount="1"/>
          <line num="65" count="0" type="stmt"/>
          <line num="68" count="15" type="stmt"/>
          <line num="71" count="15" type="stmt"/>
          <line num="73" count="15" type="stmt"/>
          <line num="75" count="15" type="cond" truecount="2" falsecount="2"/>
          <line num="77" count="15" type="stmt"/>
          <line num="78" count="15" type="stmt"/>
          <line num="79" count="15" type="stmt"/>
          <line num="87" count="15" type="stmt"/>
          <line num="88" count="30" type="cond" truecount="4" falsecount="0"/>
          <line num="90" count="15" type="stmt"/>
          <line num="94" count="15" type="stmt"/>
          <line num="98" count="15" type="stmt"/>
          <line num="99" count="15" type="cond" truecount="1" falsecount="1"/>
          <line num="100" count="15" type="stmt"/>
          <line num="104" count="15" type="stmt"/>
          <line num="108" count="15" type="stmt"/>
          <line num="112" count="15" type="stmt"/>
          <line num="116" count="15" type="stmt"/>
          <line num="120" count="15" type="stmt"/>
          <line num="121" count="15" type="stmt"/>
          <line num="124" count="30" type="cond" truecount="1" falsecount="1"/>
          <line num="125" count="30" type="stmt"/>
          <line num="129" count="30" type="stmt"/>
          <line num="133" count="30" type="stmt"/>
          <line num="136" count="30" type="cond" truecount="1" falsecount="1"/>
          <line num="137" count="30" type="stmt"/>
          <line num="141" count="30" type="stmt"/>
          <line num="145" count="30" type="stmt"/>
          <line num="155" count="15" type="cond" truecount="1" falsecount="1"/>
          <line num="157" count="15" type="stmt"/>
          <line num="158" count="15" type="cond" truecount="1" falsecount="1"/>
          <line num="159" count="15" type="cond" truecount="1" falsecount="1"/>
          <line num="160" count="0" type="stmt"/>
          <line num="163" count="15" type="stmt"/>
          <line num="173" count="15" type="stmt"/>
          <line num="174" count="15" type="stmt"/>
          <line num="177" count="15" type="stmt"/>
          <line num="181" count="15" type="stmt"/>
          <line num="188" count="15" type="stmt"/>
          <line num="189" count="30" type="cond" truecount="4" falsecount="0"/>
          <line num="190" count="15" type="stmt"/>
          <line num="192" count="30" type="cond" truecount="1" falsecount="1"/>
          <line num="193" count="0" type="stmt"/>
          <line num="195" count="30" type="cond" truecount="1" falsecount="1"/>
          <line num="196" count="0" type="stmt"/>
          <line num="207" count="15" type="stmt"/>
          <line num="208" count="15" type="stmt"/>
          <line num="209" count="15" type="cond" truecount="3" falsecount="1"/>
          <line num="210" count="0" type="stmt"/>
          <line num="213" count="15" type="stmt"/>
          <line num="214" count="15" type="stmt"/>
          <line num="215" count="15" type="cond" truecount="3" falsecount="1"/>
          <line num="216" count="0" type="stmt"/>
          <line num="219" count="15" type="stmt"/>
          <line num="220" count="15" type="stmt"/>
          <line num="221" count="15" type="cond" truecount="3" falsecount="1"/>
          <line num="222" count="0" type="stmt"/>
          <line num="225" count="15" type="stmt"/>
          <line num="226" count="15" type="stmt"/>
          <line num="227" count="15" type="cond" truecount="3" falsecount="1"/>
          <line num="228" count="0" type="stmt"/>
          <line num="231" count="15" type="stmt"/>
          <line num="232" count="15" type="stmt"/>
          <line num="233" count="15" type="cond" truecount="3" falsecount="1"/>
          <line num="234" count="0" type="stmt"/>
          <line num="245" count="90" type="stmt"/>
          <line num="246" count="90" type="stmt"/>
          <line num="247" count="180" type="cond" truecount="2" falsecount="0"/>
          <line num="248" count="30" type="stmt"/>
          <line num="250" count="150" type="cond" truecount="2" falsecount="0"/>
          <line num="251" count="90" type="stmt"/>
          <line num="252" count="60" type="cond" truecount="1" falsecount="1"/>
          <line num="253" count="0" type="stmt"/>
          <line num="256" count="90" type="stmt"/>
          <line num="263" count="15" type="stmt"/>
          <line num="264" count="75" type="cond" truecount="5" falsecount="0"/>
          <line num="267" count="60" type="cond" truecount="2" falsecount="0"/>
          <line num="268" count="50" type="stmt"/>
          <line num="270" count="60" type="cond" truecount="2" falsecount="0"/>
          <line num="271" count="53" type="stmt"/>
          <line num="277" count="15" type="stmt"/>
          <line num="280" count="1" type="stmt"/>
        </file>
      </package>
      <package name="vendor">
        <metrics statements="190" coveredstatements="103" conditionals="100" coveredconditionals="38" methods="21" coveredmethods="9"/>
        <file name="csv.js" path="E:\Workspace\SetTempRange\static\vendor\csv.js">
          <metrics statements="190" coveredstatements="103" conditionals="100" coveredconditionals="38" methods="21" coveredmethods="9"/>
          <line num="24" count="1" type="stmt"/>
          <line num="31" count="1" type="stmt"/>
          <line num="32" count="1" type="stmt"/>
          <line num="33" count="1" type="stmt"/>
          <line num="34" count="1" type="stmt"/>
          <line num="35" count="1" type="stmt"/>
          <line num="36" count="1" type="stmt"/>
          <line num="37" count="1" type="stmt"/>
          <line num="38" count="1" type="stmt"/>
          <line num="39" count="1" type="stmt"/>
          <line num="41" count="1" type="stmt"/>
          <line num="43" count="1" type="stmt"/>
          <line num="44" count="1" type="stmt"/>
          <line num="45" count="1" type="stmt"/>
          <line num="46" count="1" type="stmt"/>
          <line num="48" count="1" type="stmt"/>
          <line num="49" count="1" type="stmt"/>
          <line num="50" count="1" type="stmt"/>
          <line num="51" count="1" type="stmt"/>
          <line num="52" count="1" type="stmt"/>
          <line num="55" count="1" type="stmt"/>
          <line num="56" count="1" type="stmt"/>
          <line num="57" count="1" type="stmt"/>
          <line num="58" count="1" type="stmt"/>
          <line num="82" count="1" type="stmt"/>
          <line num="83" count="60" type="stmt"/>
          <line num="84" count="60" type="stmt"/>
          <line num="85" count="60" type="stmt"/>
          <line num="86" count="60" type="stmt"/>
          <line num="88" count="60" type="stmt"/>
          <line num="91" count="60" type="stmt"/>
          <line num="93" count="10624" type="stmt"/>
          <line num="94" count="10624" type="stmt"/>
          <line num="97" count="10624" type="cond" truecount="2" falsecount="0"/>
          <line num="98" count="60" type="cond" truecount="1" falsecount="1"/>
          <line num="99" count="0" type="stmt"/>
          <line num="101" count="60" type="cond" truecount="2" falsecount="0"/>
          <line num="102" count="1" type="stmt"/>
          <line num="103" count="1" type="stmt"/>
          <line num="106" count="60" type="stmt"/>
          <line num="107" count="60" type="stmt"/>
          <line num="108" count="60" type="stmt"/>
          <line num="111" count="10564" type="cond" truecount="2" falsecount="0"/>
          <line num="113" count="105" type="cond" truecount="2" falsecount="4"/>
          <line num="114" count="0" type="stmt"/>
          <line num="116" count="105" type="stmt"/>
          <line num="120" count="10564" type="cond" truecount="2" falsecount="0"/>
          <line num="122" count="4905" type="cond" truecount="3" falsecount="2"/>
          <line num="123" count="0" type="cond" truecount="0" falsecount="4"/>
          <line num="124" count="0" type="stmt"/>
          <line num="128" count="0" type="stmt"/>
          <line num="132" count="4905" type="cond" truecount="2" falsecount="2"/>
          <line num="133" count="0" type="stmt"/>
          <line num="134" count="0" type="stmt"/>
          <line num="135" count="0" type="stmt"/>
          <line num="136" count="0" type="stmt"/>
          <line num="138" count="4905" type="stmt"/>
          <line num="142" count="10564" type="cond" truecount="3" falsecount="1"/>
          <line num="143" count="0" type="cond" truecount="0" falsecount="2"/>
          <line num="144" count="0" type="cond" truecount="0" falsecount="2"/>
          <line num="145" count="0" type="stmt"/>
          <line num="146" count="0" type="stmt"/>
          <line num="147" count="0" type="stmt"/>
          <line num="150" count="0" type="stmt"/>
          <line num="151" count="0" type="stmt"/>
          <line num="152" count="0" type="stmt"/>
          <line num="156" count="0" type="stmt"/>
          <line num="157" count="0" type="stmt"/>
          <line num="159" count="0" type="stmt"/>
          <line num="163" count="10564" type="cond" truecount="2" falsecount="0"/>
          <line num="164" count="164" type="cond" truecount="1" falsecount="1"/>
          <line num="165" count="164" type="stmt"/>
          <line num="166" count="0" type="cond" truecount="0" falsecount="2"/>
          <line num="167" count="0" type="stmt"/>
          <line num="168" count="164" type="stmt"/>
          <line num="169" count="164" type="stmt"/>
          <line num="171" count="10400" type="cond" truecount="1" falsecount="1"/>
          <line num="172" count="0" type="cond" truecount="0" falsecount="4"/>
          <line num="173" count="0" type="stmt"/>
          <line num="174" count="0" type="stmt"/>
          <line num="175" count="0" type="stmt"/>
          <line num="177" count="10400" type="cond" truecount="2" falsecount="0"/>
          <line num="178" count="4740" type="stmt"/>
          <line num="180" count="5660" type="cond" truecount="1" falsecount="1"/>
          <line num="181" count="5660" type="stmt"/>
          <line num="182" count="5660" type="stmt"/>
          <line num="184" count="0" type="cond" truecount="0" falsecount="4"/>
          <line num="185" count="0" type="cond" truecount="0" falsecount="2"/>
          <line num="186" count="0" type="stmt"/>
          <line num="188" count="0" type="cond" truecount="0" falsecount="2"/>
          <line num="189" count="0" type="stmt"/>
          <line num="192" count="60" type="stmt"/>
          <line num="202" count="1" type="stmt"/>
          <line num="203" count="0" type="stmt"/>
          <line num="204" count="0" type="stmt"/>
          <line num="205" count="0" type="stmt"/>
          <line num="206" count="0" type="stmt"/>
          <line num="207" count="0" type="stmt"/>
          <line num="208" count="0" type="stmt"/>
          <line num="209" count="0" type="stmt"/>
          <line num="213" count="0" type="stmt"/>
          <line num="214" count="0" type="cond" truecount="0" falsecount="2"/>
          <line num="217" count="0" type="stmt"/>
          <line num="218" count="0" type="stmt"/>
          <line num="219" count="0" type="stmt"/>
          <line num="222" count="0" type="stmt"/>
          <line num="223" count="0" type="cond" truecount="0" falsecount="2"/>
          <line num="224" count="0" type="stmt"/>
          <line num="225" count="0" type="stmt"/>
          <line num="227" count="0" type="stmt"/>
          <line num="229" count="0" type="stmt"/>
          <line num="232" count="1" type="stmt"/>
          <line num="233" count="0" type="stmt"/>
          <line num="234" count="0" type="stmt"/>
          <line num="235" count="0" type="stmt"/>
          <line num="236" count="0" type="stmt"/>
          <line num="237" count="0" type="stmt"/>
          <line num="238" count="0" type="stmt"/>
          <line num="240" count="0" type="stmt"/>
          <line num="243" count="1" type="stmt"/>
          <line num="244" count="60" type="stmt"/>
          <line num="245" count="60" type="stmt"/>
          <line num="246" count="60" type="stmt"/>
          <line num="247" count="60" type="stmt"/>
          <line num="248" count="60" type="stmt"/>
          <line num="249" count="60" type="stmt"/>
          <line num="250" count="60" type="stmt"/>
          <line num="253" count="1" type="stmt"/>
          <line num="254" count="0" type="stmt"/>
          <line num="256" count="0" type="stmt"/>
          <line num="257" count="0" type="stmt"/>
          <line num="258" count="0" type="cond" truecount="0" falsecount="4"/>
          <line num="259" count="0" type="stmt"/>
          <line num="262" count="0" type="stmt"/>
          <line num="265" count="1" type="stmt"/>
          <line num="266" count="165" type="stmt"/>
          <line num="267" count="165" type="stmt"/>
          <line num="268" count="165" type="stmt"/>
          <line num="269" count="165" type="stmt"/>
          <line num="272" count="1" type="stmt"/>
          <line num="273" count="165" type="stmt"/>
          <line num="274" count="165" type="cond" truecount="6" falsecount="1"/>
          <line num="275" count="0" type="stmt"/>
          <line num="277" count="165" type="stmt"/>
          <line num="278" count="165" type="stmt"/>
          <line num="279" count="165" type="stmt"/>
          <line num="282" count="1" type="stmt"/>
          <line num="283" count="4905" type="cond" truecount="1" falsecount="1"/>
          <line num="284" count="4905" type="stmt"/>
          <line num="286" count="0" type="cond" truecount="0" falsecount="2"/>
          <line num="287" count="0" type="stmt"/>
          <line num="289" count="0" type="cond" truecount="0" falsecount="2"/>
          <line num="290" count="0" type="stmt"/>
          <line num="292" count="0" type="cond" truecount="0" falsecount="2"/>
          <line num="293" count="0" type="stmt"/>
          <line num="295" count="4905" type="stmt"/>
          <line num="298" count="1" type="stmt"/>
          <line num="299" count="5070" type="stmt"/>
          <line num="301" count="5070" type="stmt"/>
          <line num="304" count="1" type="stmt"/>
          <line num="305" count="4905" type="cond" truecount="1" falsecount="1"/>
          <line num="306" count="4905" type="stmt"/>
          <line num="308" count="4905" type="stmt"/>
          <line num="309" count="4905" type="stmt"/>
          <line num="310" count="4905" type="stmt"/>
          <line num="313" count="1" type="stmt"/>
          <line num="314" count="21639" type="cond" truecount="1" falsecount="1"/>
          <line num="315" count="0" type="stmt"/>
          <line num="318" count="1" type="stmt"/>
          <line num="319" count="0" type="stmt"/>
          <line num="328" count="1" type="stmt"/>
          <line num="329" count="0" type="stmt"/>
          <line num="330" count="0" type="stmt"/>
          <line num="331" count="0" type="stmt"/>
          <line num="334" count="1" type="stmt"/>
          <line num="335" count="0" type="stmt"/>
          <line num="336" count="0" type="stmt"/>
          <line num="337" count="0" type="stmt"/>
          <line num="338" count="0" type="stmt"/>
          <line num="341" count="0" type="stmt"/>
          <line num="342" count="0" type="stmt"/>
          <line num="350" count="1" type="cond" truecount="3" falsecount="1"/>
          <line num="351" count="1" type="stmt"/>
          <line num="356" count="0" type="cond" truecount="0" falsecount="2"/>
          <line num="357" count="0" type="stmt"/>
          <line num="362" count="0" type="cond" truecount="0" falsecount="4"/>
          <line num="363" count="0" type="stmt"/>
          <line num="364" count="0" type="stmt"/>
          <line num="370" count="0" type="cond" truecount="0" falsecount="2"/>
          <line num="371" count="0" type="stmt"/>
        </file>
      </package>
    </metrics>
  </project>
</coverage>
