{"E:\\Workspace\\SetTempRange\\static\\js\\setTempUILimited.js": {"path":"E:\\Workspace\\SetTempRange\\static\\js\\setTempUILimited.js","statementMap":{"0":{"start":{"line":21,"column":15},"end":{"line":21,"column":32}},"1":{"start":{"line":43,"column":14},"end":{"line":43,"column":15}},"2":{"start":{"line":44,"column":14},"end":{"line":44,"column":17}},"3":{"start":{"line":48,"column":18},"end":{"line":54,"column":5}},"4":{"start":{"line":56,"column":20},"end":{"line":63,"column":5}},"5":{"start":{"line":65,"column":22},"end":{"line":71,"column":5}},"6":{"start":{"line":73,"column":19},"end":{"line":73,"column":22}},"7":{"start":{"line":76,"column":23},"end":{"line":76,"column":39}},"8":{"start":{"line":79,"column":4},"end":{"line":79,"column":24}},"9":{"start":{"line":82,"column":4},"end":{"line":82,"column":21}},"10":{"start":{"line":85,"column":4},"end":{"line":109,"column":5}},"11":{"start":{"line":86,"column":21},"end":{"line":86,"column":23}},"12":{"start":{"line":87,"column":8},"end":{"line":91,"column":9}},"13":{"start":{"line":88,"column":12},"end":{"line":88,"column":72}},"14":{"start":{"line":89,"column":12},"end":{"line":89,"column":40}},"15":{"start":{"line":90,"column":12},"end":{"line":90,"column":40}},"16":{"start":{"line":92,"column":8},"end":{"line":92,"column":62}},"17":{"start":{"line":93,"column":8},"end":{"line":93,"column":62}},"18":{"start":{"line":94,"column":8},"end":{"line":94,"column":28}},"19":{"start":{"line":96,"column":8},"end":{"line":96,"column":20}},"20":{"start":{"line":97,"column":8},"end":{"line":101,"column":9}},"21":{"start":{"line":98,"column":12},"end":{"line":98,"column":72}},"22":{"start":{"line":99,"column":12},"end":{"line":99,"column":40}},"23":{"start":{"line":100,"column":12},"end":{"line":100,"column":40}},"24":{"start":{"line":103,"column":8},"end":{"line":105,"column":29}},"25":{"start":{"line":106,"column":8},"end":{"line":108,"column":29}},"26":{"start":{"line":111,"column":4},"end":{"line":116,"column":5}},"27":{"start":{"line":113,"column":23},"end":{"line":113,"column":68}},"28":{"start":{"line":114,"column":8},"end":{"line":114,"column":38}},"29":{"start":{"line":115,"column":8},"end":{"line":115,"column":38}},"30":{"start":{"line":123,"column":27},"end":{"line":123,"column":29}},"31":{"start":{"line":124,"column":8},"end":{"line":136,"column":9}},"32":{"start":{"line":125,"column":12},"end":{"line":135,"column":13}},"33":{"start":{"line":126,"column":16},"end":{"line":134,"column":17}},"34":{"start":{"line":129,"column":20},"end":{"line":129,"column":48}},"35":{"start":{"line":130,"column":23},"end":{"line":134,"column":17}},"36":{"start":{"line":133,"column":20},"end":{"line":133,"column":29}},"37":{"start":{"line":137,"column":8},"end":{"line":139,"column":9}},"38":{"start":{"line":138,"column":12},"end":{"line":138,"column":29}},"39":{"start":{"line":140,"column":8},"end":{"line":140,"column":28}},"40":{"start":{"line":148,"column":8},"end":{"line":208,"column":9}},"41":{"start":{"line":149,"column":12},"end":{"line":183,"column":13}},"42":{"start":{"line":151,"column":16},"end":{"line":154,"column":18}},"43":{"start":{"line":155,"column":16},"end":{"line":158,"column":18}},"44":{"start":{"line":159,"column":16},"end":{"line":159,"column":36}},"45":{"start":{"line":160,"column":19},"end":{"line":183,"column":13}},"46":{"start":{"line":161,"column":16},"end":{"line":164,"column":18}},"47":{"start":{"line":165,"column":16},"end":{"line":168,"column":18}},"48":{"start":{"line":169,"column":16},"end":{"line":172,"column":18}},"49":{"start":{"line":173,"column":16},"end":{"line":176,"column":18}},"50":{"start":{"line":177,"column":16},"end":{"line":180,"column":18}},"51":{"start":{"line":181,"column":16},"end":{"line":181,"column":36}},"52":{"start":{"line":182,"column":16},"end":{"line":182,"column":36}},"53":{"start":{"line":185,"column":12},"end":{"line":195,"column":13}},"54":{"start":{"line":186,"column":16},"end":{"line":189,"column":18}},"55":{"start":{"line":190,"column":16},"end":{"line":193,"column":18}},"56":{"start":{"line":194,"column":16},"end":{"line":194,"column":36}},"57":{"start":{"line":197,"column":12},"end":{"line":207,"column":13}},"58":{"start":{"line":198,"column":16},"end":{"line":201,"column":18}},"59":{"start":{"line":202,"column":16},"end":{"line":205,"column":18}},"60":{"start":{"line":206,"column":16},"end":{"line":206,"column":36}},"61":{"start":{"line":218,"column":29},"end":{"line":218,"column":31}},"62":{"start":{"line":219,"column":8},"end":{"line":221,"column":51}},"63":{"start":{"line":222,"column":8},"end":{"line":224,"column":51}},"64":{"start":{"line":227,"column":8},"end":{"line":229,"column":9}},"65":{"start":{"line":228,"column":12},"end":{"line":228,"column":43}},"66":{"start":{"line":230,"column":8},"end":{"line":232,"column":9}},"67":{"start":{"line":231,"column":12},"end":{"line":231,"column":43}},"68":{"start":{"line":234,"column":8},"end":{"line":234,"column":30}},"69":{"start":{"line":241,"column":8},"end":{"line":294,"column":9}},"70":{"start":{"line":242,"column":12},"end":{"line":293,"column":13}},"71":{"start":{"line":243,"column":16},"end":{"line":270,"column":17}},"72":{"start":{"line":245,"column":20},"end":{"line":248,"column":22}},"73":{"start":{"line":249,"column":20},"end":{"line":252,"column":22}},"74":{"start":{"line":253,"column":23},"end":{"line":270,"column":17}},"75":{"start":{"line":254,"column":20},"end":{"line":257,"column":22}},"76":{"start":{"line":258,"column":20},"end":{"line":261,"column":22}},"77":{"start":{"line":262,"column":20},"end":{"line":265,"column":22}},"78":{"start":{"line":266,"column":20},"end":{"line":269,"column":22}},"79":{"start":{"line":272,"column":16},"end":{"line":281,"column":17}},"80":{"start":{"line":273,"column":20},"end":{"line":276,"column":22}},"81":{"start":{"line":277,"column":20},"end":{"line":280,"column":22}},"82":{"start":{"line":283,"column":16},"end":{"line":292,"column":17}},"83":{"start":{"line":284,"column":20},"end":{"line":287,"column":22}},"84":{"start":{"line":288,"column":20},"end":{"line":291,"column":22}},"85":{"start":{"line":304,"column":8},"end":{"line":306,"column":9}},"86":{"start":{"line":305,"column":12},"end":{"line":305,"column":26}},"87":{"start":{"line":307,"column":21},"end":{"line":307,"column":23}},"88":{"start":{"line":308,"column":8},"end":{"line":308,"column":51}},"89":{"start":{"line":309,"column":8},"end":{"line":309,"column":51}},"90":{"start":{"line":311,"column":8},"end":{"line":311,"column":22}},"91":{"start":{"line":314,"column":4},"end":{"line":314,"column":21}},"92":{"start":{"line":318,"column":0},"end":{"line":318,"column":27}}},"fnMap":{"0":{"name":"calTmpLmt","decl":{"start":{"line":41,"column":9},"end":{"line":41,"column":18}},"loc":{"start":{"line":41,"column":43},"end":{"line":316,"column":1}},"line":41},"1":{"name":"localCheckMode","decl":{"start":{"line":122,"column":13},"end":{"line":122,"column":27}},"loc":{"start":{"line":122,"column":30},"end":{"line":141,"column":5}},"line":122},"2":{"name":"localCalStaTmpLmt","decl":{"start":{"line":146,"column":13},"end":{"line":146,"column":30}},"loc":{"start":{"line":146,"column":33},"end":{"line":209,"column":5}},"line":146},"3":{"name":"localTuneCoolHeat","decl":{"start":{"line":217,"column":13},"end":{"line":217,"column":30}},"loc":{"start":{"line":217,"column":49},"end":{"line":235,"column":5}},"line":217},"4":{"name":"localGetDymTmp","decl":{"start":{"line":240,"column":13},"end":{"line":240,"column":27}},"loc":{"start":{"line":240,"column":30},"end":{"line":295,"column":5}},"line":240},"5":{"name":"localGetStaAndDynTmp","decl":{"start":{"line":303,"column":13},"end":{"line":303,"column":33}},"loc":{"start":{"line":303,"column":50},"end":{"line":313,"column":5}},"line":303}},"branchMap":{"0":{"loc":{"start":{"line":85,"column":4},"end":{"line":109,"column":5}},"type":"if","locations":[{"start":{"line":85,"column":4},"end":{"line":109,"column":5}},{"start":{"line":85,"column":4},"end":{"line":109,"column":5}}],"line":85},"1":{"loc":{"start":{"line":111,"column":4},"end":{"line":116,"column":5}},"type":"if","locations":[{"start":{"line":111,"column":4},"end":{"line":116,"column":5}},{"start":{"line":111,"column":4},"end":{"line":116,"column":5}}],"line":111},"2":{"loc":{"start":{"line":111,"column":8},"end":{"line":111,"column":54}},"type":"binary-expr","locations":[{"start":{"line":111,"column":8},"end":{"line":111,"column":29}},{"start":{"line":111,"column":33},"end":{"line":111,"column":54}}],"line":111},"3":{"loc":{"start":{"line":125,"column":12},"end":{"line":135,"column":13}},"type":"if","locations":[{"start":{"line":125,"column":12},"end":{"line":135,"column":13}},{"start":{"line":125,"column":12},"end":{"line":135,"column":13}}],"line":125},"4":{"loc":{"start":{"line":126,"column":16},"end":{"line":134,"column":17}},"type":"if","locations":[{"start":{"line":126,"column":16},"end":{"line":134,"column":17}},{"start":{"line":126,"column":16},"end":{"line":134,"column":17}}],"line":126},"5":{"loc":{"start":{"line":126,"column":20},"end":{"line":128,"column":41}},"type":"binary-expr","locations":[{"start":{"line":126,"column":20},"end":{"line":126,"column":39}},{"start":{"line":127,"column":23},"end":{"line":127,"column":41}},{"start":{"line":128,"column":23},"end":{"line":128,"column":41}}],"line":126},"6":{"loc":{"start":{"line":130,"column":23},"end":{"line":134,"column":17}},"type":"if","locations":[{"start":{"line":130,"column":23},"end":{"line":134,"column":17}},{"start":{"line":130,"column":23},"end":{"line":134,"column":17}}],"line":130},"7":{"loc":{"start":{"line":130,"column":27},"end":{"line":132,"column":41}},"type":"binary-expr","locations":[{"start":{"line":130,"column":27},"end":{"line":130,"column":56}},{"start":{"line":131,"column":23},"end":{"line":131,"column":41}},{"start":{"line":132,"column":23},"end":{"line":132,"column":41}}],"line":130},"8":{"loc":{"start":{"line":137,"column":8},"end":{"line":139,"column":9}},"type":"if","locations":[{"start":{"line":137,"column":8},"end":{"line":139,"column":9}},{"start":{"line":137,"column":8},"end":{"line":139,"column":9}}],"line":137},"9":{"loc":{"start":{"line":149,"column":12},"end":{"line":183,"column":13}},"type":"if","locations":[{"start":{"line":149,"column":12},"end":{"line":183,"column":13}},{"start":{"line":149,"column":12},"end":{"line":183,"column":13}}],"line":149},"10":{"loc":{"start":{"line":149,"column":16},"end":{"line":150,"column":45}},"type":"binary-expr","locations":[{"start":{"line":149,"column":16},"end":{"line":149,"column":45}},{"start":{"line":150,"column":16},"end":{"line":150,"column":45}}],"line":149},"11":{"loc":{"start":{"line":160,"column":19},"end":{"line":183,"column":13}},"type":"if","locations":[{"start":{"line":160,"column":19},"end":{"line":183,"column":13}},{"start":{"line":160,"column":19},"end":{"line":183,"column":13}}],"line":160},"12":{"loc":{"start":{"line":185,"column":12},"end":{"line":195,"column":13}},"type":"if","locations":[{"start":{"line":185,"column":12},"end":{"line":195,"column":13}},{"start":{"line":185,"column":12},"end":{"line":195,"column":13}}],"line":185},"13":{"loc":{"start":{"line":197,"column":12},"end":{"line":207,"column":13}},"type":"if","locations":[{"start":{"line":197,"column":12},"end":{"line":207,"column":13}},{"start":{"line":197,"column":12},"end":{"line":207,"column":13}}],"line":197},"14":{"loc":{"start":{"line":220,"column":12},"end":{"line":221,"column":50}},"type":"cond-expr","locations":[{"start":{"line":221,"column":16},"end":{"line":221,"column":26}},{"start":{"line":221,"column":29},"end":{"line":221,"column":50}}],"line":220},"15":{"loc":{"start":{"line":223,"column":12},"end":{"line":224,"column":50}},"type":"cond-expr","locations":[{"start":{"line":224,"column":16},"end":{"line":224,"column":26}},{"start":{"line":224,"column":29},"end":{"line":224,"column":50}}],"line":223},"16":{"loc":{"start":{"line":227,"column":8},"end":{"line":229,"column":9}},"type":"if","locations":[{"start":{"line":227,"column":8},"end":{"line":229,"column":9}},{"start":{"line":227,"column":8},"end":{"line":229,"column":9}}],"line":227},"17":{"loc":{"start":{"line":230,"column":8},"end":{"line":232,"column":9}},"type":"if","locations":[{"start":{"line":230,"column":8},"end":{"line":232,"column":9}},{"start":{"line":230,"column":8},"end":{"line":232,"column":9}}],"line":230},"18":{"loc":{"start":{"line":242,"column":12},"end":{"line":293,"column":13}},"type":"if","locations":[{"start":{"line":242,"column":12},"end":{"line":293,"column":13}},{"start":{"line":242,"column":12},"end":{"line":293,"column":13}}],"line":242},"19":{"loc":{"start":{"line":243,"column":16},"end":{"line":270,"column":17}},"type":"if","locations":[{"start":{"line":243,"column":16},"end":{"line":270,"column":17}},{"start":{"line":243,"column":16},"end":{"line":270,"column":17}}],"line":243},"20":{"loc":{"start":{"line":243,"column":20},"end":{"line":244,"column":49}},"type":"binary-expr","locations":[{"start":{"line":243,"column":20},"end":{"line":243,"column":49}},{"start":{"line":244,"column":20},"end":{"line":244,"column":49}}],"line":243},"21":{"loc":{"start":{"line":253,"column":23},"end":{"line":270,"column":17}},"type":"if","locations":[{"start":{"line":253,"column":23},"end":{"line":270,"column":17}},{"start":{"line":253,"column":23},"end":{"line":270,"column":17}}],"line":253},"22":{"loc":{"start":{"line":272,"column":16},"end":{"line":281,"column":17}},"type":"if","locations":[{"start":{"line":272,"column":16},"end":{"line":281,"column":17}},{"start":{"line":272,"column":16},"end":{"line":281,"column":17}}],"line":272},"23":{"loc":{"start":{"line":283,"column":16},"end":{"line":292,"column":17}},"type":"if","locations":[{"start":{"line":283,"column":16},"end":{"line":292,"column":17}},{"start":{"line":283,"column":16},"end":{"line":292,"column":17}}],"line":283},"24":{"loc":{"start":{"line":304,"column":8},"end":{"line":306,"column":9}},"type":"if","locations":[{"start":{"line":304,"column":8},"end":{"line":306,"column":9}},{"start":{"line":304,"column":8},"end":{"line":306,"column":9}}],"line":304},"25":{"loc":{"start":{"line":304,"column":12},"end":{"line":304,"column":52}},"type":"binary-expr","locations":[{"start":{"line":304,"column":12},"end":{"line":304,"column":33}},{"start":{"line":304,"column":37},"end":{"line":304,"column":52}}],"line":304}},"s":{"0":1,"1":45,"2":45,"3":45,"4":45,"5":45,"6":45,"7":45,"8":45,"9":45,"10":45,"11":43,"12":43,"13":215,"14":215,"15":215,"16":43,"17":43,"18":43,"19":2,"20":2,"21":4,"22":4,"23":4,"24":2,"25":2,"26":45,"27":30,"28":30,"29":30,"30":45,"31":45,"32":97,"33":60,"34":41,"35":19,"36":2,"37":43,"38":4,"39":43,"40":45,"41":98,"42":45,"43":45,"44":45,"45":53,"46":53,"47":53,"48":53,"49":53,"50":53,"51":53,"52":53,"53":98,"54":98,"55":98,"56":98,"57":98,"58":98,"59":98,"60":98,"61":30,"62":30,"63":30,"64":30,"65":1,"66":30,"67":1,"68":30,"69":45,"70":98,"71":98,"72":45,"73":45,"74":53,"75":53,"76":53,"77":53,"78":53,"79":98,"80":98,"81":98,"82":98,"83":98,"84":98,"85":219,"86":80,"87":139,"88":139,"89":139,"90":139,"91":45,"92":1},"f":{"0":45,"1":45,"2":45,"3":30,"4":45,"5":219},"b":{"0":[43,2],"1":[30,15],"2":[45,15],"3":[60,37],"4":[41,19],"5":[60,52,52],"6":[2,17],"7":[19,19,19],"8":[4,39],"9":[45,53],"10":[98,98],"11":[53,0],"12":[98,0],"13":[98,0],"14":[13,17],"15":[10,20],"16":[1,29],"17":[1,29],"18":[98,0],"19":[45,53],"20":[98,98],"21":[53,0],"22":[98,0],"23":[98,0],"24":[80,139],"25":[219,182]},"_coverageSchema":"332fd63041d2c1bcb487cc26dd0d5f7d97098a6c","hash":"a8d3c2a493ef7b1a4ccca3cc6016e00b89525239"}
,"E:\\Workspace\\SetTempRange\\static\\vendor\\csv.js": {"path":"E:\\Workspace\\SetTempRange\\static\\vendor\\csv.js","statementMap":{"0":{"start":{"line":24,"column":0},"end":{"line":374,"column":9}},"1":{"start":{"line":31,"column":14},"end":{"line":31,"column":16}},"2":{"start":{"line":32,"column":4},"end":{"line":32,"column":24}},"3":{"start":{"line":33,"column":4},"end":{"line":33,"column":37}},"4":{"start":{"line":34,"column":4},"end":{"line":34,"column":30}},"5":{"start":{"line":35,"column":4},"end":{"line":35,"column":28}},"6":{"start":{"line":36,"column":4},"end":{"line":36,"column":34}},"7":{"start":{"line":37,"column":4},"end":{"line":37,"column":28}},"8":{"start":{"line":38,"column":4},"end":{"line":38,"column":39}},"9":{"start":{"line":39,"column":4},"end":{"line":39,"column":22}},"10":{"start":{"line":41,"column":4},"end":{"line":41,"column":31}},"11":{"start":{"line":43,"column":4},"end":{"line":43,"column":45}},"12":{"start":{"line":44,"column":4},"end":{"line":44,"column":44}},"13":{"start":{"line":45,"column":4},"end":{"line":45,"column":47}},"14":{"start":{"line":46,"column":4},"end":{"line":46,"column":45}},"15":{"start":{"line":48,"column":16},"end":{"line":48,"column":20}},"16":{"start":{"line":49,"column":13},"end":{"line":49,"column":17}},"17":{"start":{"line":50,"column":13},"end":{"line":50,"column":17}},"18":{"start":{"line":51,"column":16},"end":{"line":51,"column":19}},"19":{"start":{"line":52,"column":14},"end":{"line":52,"column":18}},"20":{"start":{"line":55,"column":20},"end":{"line":55,"column":21}},"21":{"start":{"line":56,"column":20},"end":{"line":56,"column":21}},"22":{"start":{"line":57,"column":21},"end":{"line":57,"column":22}},"23":{"start":{"line":58,"column":22},"end":{"line":58,"column":23}},"24":{"start":{"line":82,"column":4},"end":{"line":193,"column":6}},"25":{"start":{"line":83,"column":21},"end":{"line":83,"column":36}},"26":{"start":{"line":84,"column":8},"end":{"line":84,"column":23}},"27":{"start":{"line":85,"column":8},"end":{"line":85,"column":22}},"28":{"start":{"line":86,"column":8},"end":{"line":86,"column":27}},"29":{"start":{"line":88,"column":8},"end":{"line":88,"column":34}},"30":{"start":{"line":91,"column":8},"end":{"line":191,"column":9}},"31":{"start":{"line":93,"column":12},"end":{"line":93,"column":34}},"32":{"start":{"line":94,"column":12},"end":{"line":94,"column":30}},"33":{"start":{"line":97,"column":12},"end":{"line":109,"column":13}},"34":{"start":{"line":98,"column":16},"end":{"line":99,"column":45}},"35":{"start":{"line":99,"column":20},"end":{"line":99,"column":45}},"36":{"start":{"line":101,"column":16},"end":{"line":104,"column":17}},"37":{"start":{"line":102,"column":20},"end":{"line":102,"column":36}},"38":{"start":{"line":103,"column":20},"end":{"line":103,"column":37}},"39":{"start":{"line":106,"column":16},"end":{"line":106,"column":63}},"40":{"start":{"line":107,"column":16},"end":{"line":107,"column":28}},"41":{"start":{"line":108,"column":16},"end":{"line":108,"column":22}},"42":{"start":{"line":111,"column":12},"end":{"line":117,"column":13}},"43":{"start":{"line":113,"column":16},"end":{"line":115,"column":17}},"44":{"start":{"line":114,"column":20},"end":{"line":114,"column":29}},"45":{"start":{"line":116,"column":16},"end":{"line":116,"column":35}},"46":{"start":{"line":120,"column":12},"end":{"line":139,"column":13}},"47":{"start":{"line":122,"column":16},"end":{"line":130,"column":17}},"48":{"start":{"line":123,"column":20},"end":{"line":129,"column":21}},"49":{"start":{"line":124,"column":24},"end":{"line":124,"column":33}},"50":{"start":{"line":128,"column":24},"end":{"line":128,"column":49}},"51":{"start":{"line":132,"column":16},"end":{"line":137,"column":17}},"52":{"start":{"line":133,"column":20},"end":{"line":133,"column":53}},"53":{"start":{"line":134,"column":20},"end":{"line":134,"column":39}},"54":{"start":{"line":135,"column":20},"end":{"line":135,"column":42}},"55":{"start":{"line":136,"column":20},"end":{"line":136,"column":29}},"56":{"start":{"line":138,"column":16},"end":{"line":138,"column":38}},"57":{"start":{"line":142,"column":12},"end":{"line":160,"column":13}},"58":{"start":{"line":143,"column":16},"end":{"line":158,"column":17}},"59":{"start":{"line":144,"column":20},"end":{"line":153,"column":21}},"60":{"start":{"line":145,"column":24},"end":{"line":145,"column":57}},"61":{"start":{"line":146,"column":24},"end":{"line":146,"column":43}},"62":{"start":{"line":147,"column":24},"end":{"line":147,"column":37}},"63":{"start":{"line":150,"column":24},"end":{"line":150,"column":55}},"64":{"start":{"line":151,"column":24},"end":{"line":151,"column":44}},"65":{"start":{"line":152,"column":24},"end":{"line":152,"column":47}},"66":{"start":{"line":156,"column":20},"end":{"line":156,"column":35}},"67":{"start":{"line":157,"column":20},"end":{"line":157,"column":62}},"68":{"start":{"line":159,"column":16},"end":{"line":159,"column":25}},"69":{"start":{"line":163,"column":12},"end":{"line":190,"column":13}},"70":{"start":{"line":164,"column":16},"end":{"line":167,"column":46}},"71":{"start":{"line":165,"column":20},"end":{"line":165,"column":33}},"72":{"start":{"line":166,"column":21},"end":{"line":167,"column":46}},"73":{"start":{"line":167,"column":20},"end":{"line":167,"column":46}},"74":{"start":{"line":168,"column":16},"end":{"line":168,"column":32}},"75":{"start":{"line":169,"column":16},"end":{"line":169,"column":33}},"76":{"start":{"line":171,"column":17},"end":{"line":190,"column":13}},"77":{"start":{"line":172,"column":16},"end":{"line":173,"column":46}},"78":{"start":{"line":173,"column":20},"end":{"line":173,"column":46}},"79":{"start":{"line":174,"column":16},"end":{"line":174,"column":32}},"80":{"start":{"line":175,"column":16},"end":{"line":175,"column":33}},"81":{"start":{"line":177,"column":17},"end":{"line":190,"column":13}},"82":{"start":{"line":178,"column":16},"end":{"line":178,"column":32}},"83":{"start":{"line":180,"column":17},"end":{"line":190,"column":13}},"84":{"start":{"line":181,"column":16},"end":{"line":181,"column":31}},"85":{"start":{"line":182,"column":16},"end":{"line":182,"column":50}},"86":{"start":{"line":184,"column":17},"end":{"line":190,"column":13}},"87":{"start":{"line":185,"column":16},"end":{"line":186,"column":47}},"88":{"start":{"line":186,"column":20},"end":{"line":186,"column":47}},"89":{"start":{"line":188,"column":17},"end":{"line":190,"column":13}},"90":{"start":{"line":189,"column":16},"end":{"line":189,"column":42}},"91":{"start":{"line":192,"column":8},"end":{"line":192,"column":22}},"92":{"start":{"line":202,"column":4},"end":{"line":230,"column":6}},"93":{"start":{"line":203,"column":21},"end":{"line":203,"column":38}},"94":{"start":{"line":204,"column":16},"end":{"line":204,"column":56}},"95":{"start":{"line":205,"column":8},"end":{"line":205,"column":21}},"96":{"start":{"line":206,"column":8},"end":{"line":206,"column":21}},"97":{"start":{"line":207,"column":8},"end":{"line":211,"column":13}},"98":{"start":{"line":208,"column":12},"end":{"line":210,"column":13}},"99":{"start":{"line":209,"column":16},"end":{"line":209,"column":42}},"100":{"start":{"line":213,"column":8},"end":{"line":220,"column":10}},"101":{"start":{"line":214,"column":24},"end":{"line":216,"column":63}},"102":{"start":{"line":217,"column":12},"end":{"line":217,"column":37}},"103":{"start":{"line":218,"column":12},"end":{"line":218,"column":40}},"104":{"start":{"line":219,"column":12},"end":{"line":219,"column":18}},"105":{"start":{"line":222,"column":8},"end":{"line":228,"column":10}},"106":{"start":{"line":223,"column":12},"end":{"line":226,"column":13}},"107":{"start":{"line":224,"column":16},"end":{"line":224,"column":40}},"108":{"start":{"line":225,"column":16},"end":{"line":225,"column":31}},"109":{"start":{"line":227,"column":12},"end":{"line":227,"column":18}},"110":{"start":{"line":229,"column":8},"end":{"line":229,"column":16}},"111":{"start":{"line":232,"column":4},"end":{"line":241,"column":6}},"112":{"start":{"line":233,"column":17},"end":{"line":233,"column":30}},"113":{"start":{"line":234,"column":21},"end":{"line":234,"column":38}},"114":{"start":{"line":235,"column":16},"end":{"line":235,"column":55}},"115":{"start":{"line":236,"column":8},"end":{"line":239,"column":10}},"116":{"start":{"line":237,"column":12},"end":{"line":237,"column":60}},"117":{"start":{"line":238,"column":12},"end":{"line":238,"column":18}},"118":{"start":{"line":240,"column":8},"end":{"line":240,"column":16}},"119":{"start":{"line":243,"column":4},"end":{"line":251,"column":6}},"120":{"start":{"line":244,"column":8},"end":{"line":244,"column":25}},"121":{"start":{"line":245,"column":8},"end":{"line":245,"column":25}},"122":{"start":{"line":246,"column":8},"end":{"line":246,"column":27}},"123":{"start":{"line":247,"column":8},"end":{"line":247,"column":26}},"124":{"start":{"line":248,"column":8},"end":{"line":248,"column":26}},"125":{"start":{"line":249,"column":8},"end":{"line":249,"column":26}},"126":{"start":{"line":250,"column":8},"end":{"line":250,"column":23}},"127":{"start":{"line":253,"column":4},"end":{"line":263,"column":6}},"128":{"start":{"line":254,"column":16},"end":{"line":254,"column":26}},"129":{"start":{"line":256,"column":8},"end":{"line":261,"column":9}},"130":{"start":{"line":257,"column":12},"end":{"line":257,"column":29}},"131":{"start":{"line":258,"column":12},"end":{"line":260,"column":13}},"132":{"start":{"line":259,"column":16},"end":{"line":259,"column":25}},"133":{"start":{"line":262,"column":8},"end":{"line":262,"column":20}},"134":{"start":{"line":265,"column":4},"end":{"line":270,"column":6}},"135":{"start":{"line":266,"column":8},"end":{"line":266,"column":28}},"136":{"start":{"line":267,"column":8},"end":{"line":267,"column":24}},"137":{"start":{"line":268,"column":8},"end":{"line":268,"column":26}},"138":{"start":{"line":269,"column":8},"end":{"line":269,"column":34}},"139":{"start":{"line":272,"column":4},"end":{"line":280,"column":6}},"140":{"start":{"line":273,"column":8},"end":{"line":273,"column":32}},"141":{"start":{"line":274,"column":8},"end":{"line":276,"column":9}},"142":{"start":{"line":275,"column":12},"end":{"line":275,"column":37}},"143":{"start":{"line":277,"column":8},"end":{"line":277,"column":36}},"144":{"start":{"line":278,"column":8},"end":{"line":278,"column":44}},"145":{"start":{"line":279,"column":8},"end":{"line":279,"column":26}},"146":{"start":{"line":282,"column":4},"end":{"line":296,"column":6}},"147":{"start":{"line":283,"column":8},"end":{"line":294,"column":9}},"148":{"start":{"line":284,"column":12},"end":{"line":284,"column":38}},"149":{"start":{"line":286,"column":13},"end":{"line":294,"column":9}},"150":{"start":{"line":287,"column":12},"end":{"line":287,"column":52}},"151":{"start":{"line":289,"column":13},"end":{"line":294,"column":9}},"152":{"start":{"line":290,"column":12},"end":{"line":290,"column":30}},"153":{"start":{"line":292,"column":13},"end":{"line":294,"column":9}},"154":{"start":{"line":293,"column":12},"end":{"line":293,"column":25}},"155":{"start":{"line":295,"column":8},"end":{"line":295,"column":21}},"156":{"start":{"line":298,"column":4},"end":{"line":302,"column":6}},"157":{"start":{"line":299,"column":8},"end":{"line":299,"column":30}},"158":{"start":{"line":301,"column":8},"end":{"line":301,"column":23}},"159":{"start":{"line":304,"column":4},"end":{"line":311,"column":6}},"160":{"start":{"line":305,"column":8},"end":{"line":307,"column":9}},"161":{"start":{"line":306,"column":12},"end":{"line":306,"column":52}},"162":{"start":{"line":308,"column":8},"end":{"line":308,"column":35}},"163":{"start":{"line":309,"column":8},"end":{"line":309,"column":42}},"164":{"start":{"line":310,"column":8},"end":{"line":310,"column":26}},"165":{"start":{"line":313,"column":4},"end":{"line":316,"column":6}},"166":{"start":{"line":314,"column":8},"end":{"line":315,"column":35}},"167":{"start":{"line":315,"column":12},"end":{"line":315,"column":35}},"168":{"start":{"line":318,"column":4},"end":{"line":326,"column":6}},"169":{"start":{"line":319,"column":8},"end":{"line":325,"column":20}},"170":{"start":{"line":328,"column":4},"end":{"line":332,"column":6}},"171":{"start":{"line":329,"column":18},"end":{"line":329,"column":31}},"172":{"start":{"line":330,"column":8},"end":{"line":330,"column":20}},"173":{"start":{"line":331,"column":8},"end":{"line":331,"column":18}},"174":{"start":{"line":334,"column":4},"end":{"line":345,"column":6}},"175":{"start":{"line":335,"column":18},"end":{"line":335,"column":31}},"176":{"start":{"line":336,"column":8},"end":{"line":339,"column":22}},"177":{"start":{"line":337,"column":12},"end":{"line":337,"column":32}},"178":{"start":{"line":338,"column":12},"end":{"line":338,"column":19}},"179":{"start":{"line":341,"column":8},"end":{"line":343,"column":22}},"180":{"start":{"line":342,"column":12},"end":{"line":342,"column":31}},"181":{"start":{"line":350,"column":4},"end":{"line":372,"column":5}},"182":{"start":{"line":351,"column":8},"end":{"line":351,"column":29}},"183":{"start":{"line":356,"column":9},"end":{"line":372,"column":5}},"184":{"start":{"line":357,"column":8},"end":{"line":357,"column":26}},"185":{"start":{"line":362,"column":9},"end":{"line":372,"column":5}},"186":{"start":{"line":363,"column":8},"end":{"line":365,"column":11}},"187":{"start":{"line":364,"column":12},"end":{"line":364,"column":23}},"188":{"start":{"line":370,"column":9},"end":{"line":372,"column":5}},"189":{"start":{"line":371,"column":8},"end":{"line":371,"column":25}}},"fnMap":{"0":{"name":"(anonymous_0)","decl":{"start":{"line":24,"column":1},"end":{"line":24,"column":2}},"loc":{"start":{"line":24,"column":19},"end":{"line":374,"column":1}},"line":24},"1":{"name":"(anonymous_1)","decl":{"start":{"line":82,"column":16},"end":{"line":82,"column":17}},"loc":{"start":{"line":82,"column":31},"end":{"line":193,"column":5}},"line":82},"2":{"name":"(anonymous_2)","decl":{"start":{"line":202,"column":17},"end":{"line":202,"column":18}},"loc":{"start":{"line":202,"column":29},"end":{"line":230,"column":5}},"line":202},"3":{"name":"(anonymous_3)","decl":{"start":{"line":207,"column":20},"end":{"line":207,"column":21}},"loc":{"start":{"line":207,"column":32},"end":{"line":211,"column":9}},"line":207},"4":{"name":"(anonymous_4)","decl":{"start":{"line":208,"column":19},"end":{"line":208,"column":20}},"loc":{"start":{"line":208,"column":31},"end":{"line":210,"column":13}},"line":208},"5":{"name":"(anonymous_5)","decl":{"start":{"line":213,"column":23},"end":{"line":213,"column":24}},"loc":{"start":{"line":213,"column":55},"end":{"line":220,"column":9}},"line":213},"6":{"name":"(anonymous_6)","decl":{"start":{"line":222,"column":19},"end":{"line":222,"column":20}},"loc":{"start":{"line":222,"column":34},"end":{"line":228,"column":9}},"line":222},"7":{"name":"(anonymous_7)","decl":{"start":{"line":232,"column":22},"end":{"line":232,"column":23}},"loc":{"start":{"line":232,"column":34},"end":{"line":241,"column":5}},"line":232},"8":{"name":"(anonymous_8)","decl":{"start":{"line":236,"column":23},"end":{"line":236,"column":24}},"loc":{"start":{"line":236,"column":55},"end":{"line":239,"column":9}},"line":236},"9":{"name":"(anonymous_9)","decl":{"start":{"line":243,"column":16},"end":{"line":243,"column":17}},"loc":{"start":{"line":243,"column":28},"end":{"line":251,"column":5}},"line":243},"10":{"name":"(anonymous_10)","decl":{"start":{"line":253,"column":24},"end":{"line":253,"column":25}},"loc":{"start":{"line":253,"column":36},"end":{"line":263,"column":5}},"line":253},"11":{"name":"(anonymous_11)","decl":{"start":{"line":265,"column":23},"end":{"line":265,"column":24}},"loc":{"start":{"line":265,"column":35},"end":{"line":270,"column":5}},"line":265},"12":{"name":"(anonymous_12)","decl":{"start":{"line":272,"column":21},"end":{"line":272,"column":22}},"loc":{"start":{"line":272,"column":33},"end":{"line":280,"column":5}},"line":272},"13":{"name":"(anonymous_13)","decl":{"start":{"line":282,"column":23},"end":{"line":282,"column":24}},"loc":{"start":{"line":282,"column":40},"end":{"line":296,"column":5}},"line":282},"14":{"name":"(anonymous_14)","decl":{"start":{"line":298,"column":22},"end":{"line":298,"column":23}},"loc":{"start":{"line":298,"column":34},"end":{"line":302,"column":5}},"line":298},"15":{"name":"(anonymous_15)","decl":{"start":{"line":304,"column":20},"end":{"line":304,"column":21}},"loc":{"start":{"line":304,"column":32},"end":{"line":311,"column":5}},"line":304},"16":{"name":"(anonymous_16)","decl":{"start":{"line":313,"column":16},"end":{"line":313,"column":17}},"loc":{"start":{"line":313,"column":27},"end":{"line":316,"column":5}},"line":313},"17":{"name":"(anonymous_17)","decl":{"start":{"line":318,"column":15},"end":{"line":318,"column":16}},"loc":{"start":{"line":318,"column":30},"end":{"line":326,"column":5}},"line":318},"18":{"name":"(anonymous_18)","decl":{"start":{"line":328,"column":16},"end":{"line":328,"column":17}},"loc":{"start":{"line":328,"column":30},"end":{"line":332,"column":5}},"line":328},"19":{"name":"(anonymous_19)","decl":{"start":{"line":334,"column":15},"end":{"line":334,"column":16}},"loc":{"start":{"line":334,"column":29},"end":{"line":345,"column":5}},"line":334},"20":{"name":"(anonymous_20)","decl":{"start":{"line":363,"column":19},"end":{"line":363,"column":20}},"loc":{"start":{"line":363,"column":31},"end":{"line":365,"column":9}},"line":363}},"branchMap":{"0":{"loc":{"start":{"line":97,"column":12},"end":{"line":109,"column":13}},"type":"if","locations":[{"start":{"line":97,"column":12},"end":{"line":109,"column":13}},{"start":{"line":97,"column":12},"end":{"line":109,"column":13}}],"line":97},"1":{"loc":{"start":{"line":98,"column":16},"end":{"line":99,"column":45}},"type":"if","locations":[{"start":{"line":98,"column":16},"end":{"line":99,"column":45}},{"start":{"line":98,"column":16},"end":{"line":99,"column":45}}],"line":98},"2":{"loc":{"start":{"line":101,"column":16},"end":{"line":104,"column":17}},"type":"if","locations":[{"start":{"line":101,"column":16},"end":{"line":104,"column":17}},{"start":{"line":101,"column":16},"end":{"line":104,"column":17}}],"line":101},"3":{"loc":{"start":{"line":111,"column":12},"end":{"line":117,"column":13}},"type":"if","locations":[{"start":{"line":111,"column":12},"end":{"line":117,"column":13}},{"start":{"line":111,"column":12},"end":{"line":117,"column":13}}],"line":111},"4":{"loc":{"start":{"line":113,"column":16},"end":{"line":115,"column":17}},"type":"if","locations":[{"start":{"line":113,"column":16},"end":{"line":115,"column":17}},{"start":{"line":113,"column":16},"end":{"line":115,"column":17}}],"line":113},"5":{"loc":{"start":{"line":113,"column":20},"end":{"line":113,"column":84}},"type":"binary-expr","locations":[{"start":{"line":113,"column":20},"end":{"line":113,"column":31}},{"start":{"line":113,"column":36},"end":{"line":113,"column":43}},{"start":{"line":113,"column":47},"end":{"line":113,"column":54}},{"start":{"line":113,"column":58},"end":{"line":113,"column":83}}],"line":113},"6":{"loc":{"start":{"line":120,"column":12},"end":{"line":139,"column":13}},"type":"if","locations":[{"start":{"line":120,"column":12},"end":{"line":139,"column":13}},{"start":{"line":120,"column":12},"end":{"line":139,"column":13}}],"line":120},"7":{"loc":{"start":{"line":122,"column":16},"end":{"line":130,"column":17}},"type":"if","locations":[{"start":{"line":122,"column":16},"end":{"line":130,"column":17}},{"start":{"line":122,"column":16},"end":{"line":130,"column":17}}],"line":122},"8":{"loc":{"start":{"line":122,"column":21},"end":{"line":122,"column":79}},"type":"binary-expr","locations":[{"start":{"line":122,"column":22},"end":{"line":122,"column":33}},{"start":{"line":122,"column":37},"end":{"line":122,"column":46}},{"start":{"line":122,"column":51},"end":{"line":122,"column":79}}],"line":122},"9":{"loc":{"start":{"line":123,"column":20},"end":{"line":129,"column":21}},"type":"if","locations":[{"start":{"line":123,"column":20},"end":{"line":129,"column":21}},{"start":{"line":123,"column":20},"end":{"line":129,"column":21}}],"line":123},"10":{"loc":{"start":{"line":123,"column":24},"end":{"line":123,"column":66}},"type":"binary-expr","locations":[{"start":{"line":123,"column":24},"end":{"line":123,"column":35}},{"start":{"line":123,"column":39},"end":{"line":123,"column":66}}],"line":123},"11":{"loc":{"start":{"line":132,"column":16},"end":{"line":137,"column":17}},"type":"if","locations":[{"start":{"line":132,"column":16},"end":{"line":137,"column":17}},{"start":{"line":132,"column":16},"end":{"line":137,"column":17}}],"line":132},"12":{"loc":{"start":{"line":132,"column":20},"end":{"line":132,"column":53}},"type":"binary-expr","locations":[{"start":{"line":132,"column":20},"end":{"line":132,"column":30}},{"start":{"line":132,"column":34},"end":{"line":132,"column":53}}],"line":132},"13":{"loc":{"start":{"line":142,"column":12},"end":{"line":160,"column":13}},"type":"if","locations":[{"start":{"line":142,"column":12},"end":{"line":160,"column":13}},{"start":{"line":142,"column":12},"end":{"line":160,"column":13}}],"line":142},"14":{"loc":{"start":{"line":142,"column":16},"end":{"line":142,"column":53}},"type":"binary-expr","locations":[{"start":{"line":142,"column":16},"end":{"line":142,"column":38}},{"start":{"line":142,"column":42},"end":{"line":142,"column":53}}],"line":142},"15":{"loc":{"start":{"line":143,"column":16},"end":{"line":158,"column":17}},"type":"if","locations":[{"start":{"line":143,"column":16},"end":{"line":158,"column":17}},{"start":{"line":143,"column":16},"end":{"line":158,"column":17}}],"line":143},"16":{"loc":{"start":{"line":144,"column":20},"end":{"line":153,"column":21}},"type":"if","locations":[{"start":{"line":144,"column":20},"end":{"line":153,"column":21}},{"start":{"line":144,"column":20},"end":{"line":153,"column":21}}],"line":144},"17":{"loc":{"start":{"line":163,"column":12},"end":{"line":190,"column":13}},"type":"if","locations":[{"start":{"line":163,"column":12},"end":{"line":190,"column":13}},{"start":{"line":163,"column":12},"end":{"line":190,"column":13}}],"line":163},"18":{"loc":{"start":{"line":164,"column":16},"end":{"line":167,"column":46}},"type":"if","locations":[{"start":{"line":164,"column":16},"end":{"line":167,"column":46}},{"start":{"line":164,"column":16},"end":{"line":167,"column":46}}],"line":164},"19":{"loc":{"start":{"line":166,"column":21},"end":{"line":167,"column":46}},"type":"if","locations":[{"start":{"line":166,"column":21},"end":{"line":167,"column":46}},{"start":{"line":166,"column":21},"end":{"line":167,"column":46}}],"line":166},"20":{"loc":{"start":{"line":171,"column":17},"end":{"line":190,"column":13}},"type":"if","locations":[{"start":{"line":171,"column":17},"end":{"line":190,"column":13}},{"start":{"line":171,"column":17},"end":{"line":190,"column":13}}],"line":171},"21":{"loc":{"start":{"line":172,"column":16},"end":{"line":173,"column":46}},"type":"if","locations":[{"start":{"line":172,"column":16},"end":{"line":173,"column":46}},{"start":{"line":172,"column":16},"end":{"line":173,"column":46}}],"line":172},"22":{"loc":{"start":{"line":172,"column":23},"end":{"line":172,"column":54}},"type":"binary-expr","locations":[{"start":{"line":172,"column":23},"end":{"line":172,"column":39}},{"start":{"line":172,"column":43},"end":{"line":172,"column":54}}],"line":172},"23":{"loc":{"start":{"line":177,"column":17},"end":{"line":190,"column":13}},"type":"if","locations":[{"start":{"line":177,"column":17},"end":{"line":190,"column":13}},{"start":{"line":177,"column":17},"end":{"line":190,"column":13}}],"line":177},"24":{"loc":{"start":{"line":180,"column":17},"end":{"line":190,"column":13}},"type":"if","locations":[{"start":{"line":180,"column":17},"end":{"line":190,"column":13}},{"start":{"line":180,"column":17},"end":{"line":190,"column":13}}],"line":180},"25":{"loc":{"start":{"line":184,"column":17},"end":{"line":190,"column":13}},"type":"if","locations":[{"start":{"line":184,"column":17},"end":{"line":190,"column":13}},{"start":{"line":184,"column":17},"end":{"line":190,"column":13}}],"line":184},"26":{"loc":{"start":{"line":184,"column":22},"end":{"line":184,"column":46}},"type":"binary-expr","locations":[{"start":{"line":184,"column":22},"end":{"line":184,"column":33}},{"start":{"line":184,"column":37},"end":{"line":184,"column":46}}],"line":184},"27":{"loc":{"start":{"line":185,"column":16},"end":{"line":186,"column":47}},"type":"if","locations":[{"start":{"line":185,"column":16},"end":{"line":186,"column":47}},{"start":{"line":185,"column":16},"end":{"line":186,"column":47}}],"line":185},"28":{"loc":{"start":{"line":188,"column":17},"end":{"line":190,"column":13}},"type":"if","locations":[{"start":{"line":188,"column":17},"end":{"line":190,"column":13}},{"start":{"line":188,"column":17},"end":{"line":190,"column":13}}],"line":188},"29":{"loc":{"start":{"line":214,"column":24},"end":{"line":216,"column":63}},"type":"cond-expr","locations":[{"start":{"line":215,"column":16},"end":{"line":215,"column":48}},{"start":{"line":216,"column":16},"end":{"line":216,"column":63}}],"line":214},"30":{"loc":{"start":{"line":223,"column":12},"end":{"line":226,"column":13}},"type":"if","locations":[{"start":{"line":223,"column":12},"end":{"line":226,"column":13}},{"start":{"line":223,"column":12},"end":{"line":226,"column":13}}],"line":223},"31":{"loc":{"start":{"line":258,"column":12},"end":{"line":260,"column":13}},"type":"if","locations":[{"start":{"line":258,"column":12},"end":{"line":260,"column":13}},{"start":{"line":258,"column":12},"end":{"line":260,"column":13}}],"line":258},"32":{"loc":{"start":{"line":258,"column":19},"end":{"line":258,"column":42}},"type":"binary-expr","locations":[{"start":{"line":258,"column":19},"end":{"line":258,"column":29}},{"start":{"line":258,"column":33},"end":{"line":258,"column":42}}],"line":258},"33":{"loc":{"start":{"line":274,"column":8},"end":{"line":276,"column":9}},"type":"if","locations":[{"start":{"line":274,"column":8},"end":{"line":276,"column":9}},{"start":{"line":274,"column":8},"end":{"line":276,"column":9}}],"line":274},"34":{"loc":{"start":{"line":274,"column":12},"end":{"line":274,"column":126}},"type":"binary-expr","locations":[{"start":{"line":274,"column":12},"end":{"line":274,"column":55}},{"start":{"line":274,"column":59},"end":{"line":274,"column":80}},{"start":{"line":274,"column":84},"end":{"line":274,"column":126}}],"line":274},"35":{"loc":{"start":{"line":274,"column":15},"end":{"line":274,"column":54}},"type":"binary-expr","locations":[{"start":{"line":274,"column":15},"end":{"line":274,"column":39}},{"start":{"line":274,"column":43},"end":{"line":274,"column":54}}],"line":274},"36":{"loc":{"start":{"line":283,"column":8},"end":{"line":294,"column":9}},"type":"if","locations":[{"start":{"line":283,"column":8},"end":{"line":294,"column":9}},{"start":{"line":283,"column":8},"end":{"line":294,"column":9}}],"line":283},"37":{"loc":{"start":{"line":286,"column":13},"end":{"line":294,"column":9}},"type":"if","locations":[{"start":{"line":286,"column":13},"end":{"line":294,"column":9}},{"start":{"line":286,"column":13},"end":{"line":294,"column":9}}],"line":286},"38":{"loc":{"start":{"line":289,"column":13},"end":{"line":294,"column":9}},"type":"if","locations":[{"start":{"line":289,"column":13},"end":{"line":294,"column":9}},{"start":{"line":289,"column":13},"end":{"line":294,"column":9}}],"line":289},"39":{"loc":{"start":{"line":292,"column":13},"end":{"line":294,"column":9}},"type":"if","locations":[{"start":{"line":292,"column":13},"end":{"line":294,"column":9}},{"start":{"line":292,"column":13},"end":{"line":294,"column":9}}],"line":292},"40":{"loc":{"start":{"line":305,"column":8},"end":{"line":307,"column":9}},"type":"if","locations":[{"start":{"line":305,"column":8},"end":{"line":307,"column":9}},{"start":{"line":305,"column":8},"end":{"line":307,"column":9}}],"line":305},"41":{"loc":{"start":{"line":314,"column":8},"end":{"line":315,"column":35}},"type":"if","locations":[{"start":{"line":314,"column":8},"end":{"line":315,"column":35}},{"start":{"line":314,"column":8},"end":{"line":315,"column":35}}],"line":314},"42":{"loc":{"start":{"line":350,"column":4},"end":{"line":372,"column":5}},"type":"if","locations":[{"start":{"line":350,"column":4},"end":{"line":372,"column":5}},{"start":{"line":350,"column":4},"end":{"line":372,"column":5}}],"line":350},"43":{"loc":{"start":{"line":350,"column":9},"end":{"line":350,"column":55}},"type":"binary-expr","locations":[{"start":{"line":350,"column":9},"end":{"line":350,"column":37}},{"start":{"line":350,"column":41},"end":{"line":350,"column":55}}],"line":350},"44":{"loc":{"start":{"line":356,"column":9},"end":{"line":372,"column":5}},"type":"if","locations":[{"start":{"line":356,"column":9},"end":{"line":372,"column":5}},{"start":{"line":356,"column":9},"end":{"line":372,"column":5}}],"line":356},"45":{"loc":{"start":{"line":362,"column":9},"end":{"line":372,"column":5}},"type":"if","locations":[{"start":{"line":362,"column":9},"end":{"line":372,"column":5}},{"start":{"line":362,"column":9},"end":{"line":372,"column":5}}],"line":362},"46":{"loc":{"start":{"line":362,"column":13},"end":{"line":362,"column":73}},"type":"binary-expr","locations":[{"start":{"line":362,"column":13},"end":{"line":362,"column":40}},{"start":{"line":362,"column":44},"end":{"line":362,"column":73}}],"line":362},"47":{"loc":{"start":{"line":370,"column":9},"end":{"line":372,"column":5}},"type":"if","locations":[{"start":{"line":370,"column":9},"end":{"line":372,"column":5}},{"start":{"line":370,"column":9},"end":{"line":372,"column":5}}],"line":370}},"s":{"0":1,"1":1,"2":1,"3":1,"4":1,"5":1,"6":1,"7":1,"8":1,"9":1,"10":1,"11":1,"12":1,"13":1,"14":1,"15":1,"16":1,"17":1,"18":1,"19":1,"20":1,"21":1,"22":1,"23":1,"24":1,"25":180,"26":180,"27":180,"28":180,"29":180,"30":180,"31":34738,"32":34738,"33":34738,"34":180,"35":0,"36":180,"37":45,"38":45,"39":180,"40":180,"41":180,"42":34558,"43":384,"44":0,"45":384,"46":34558,"47":16098,"48":0,"49":0,"50":0,"51":16098,"52":0,"53":0,"54":0,"55":0,"56":16098,"57":34558,"58":0,"59":0,"60":0,"61":0,"62":0,"63":0,"64":0,"65":0,"66":0,"67":0,"68":0,"69":34558,"70":519,"71":519,"72":0,"73":0,"74":519,"75":519,"76":34039,"77":0,"78":0,"79":0,"80":0,"81":34039,"82":15534,"83":18505,"84":18505,"85":18505,"86":0,"87":0,"88":0,"89":0,"90":0,"91":180,"92":1,"93":0,"94":0,"95":0,"96":0,"97":0,"98":0,"99":0,"100":0,"101":0,"102":0,"103":0,"104":0,"105":0,"106":0,"107":0,"108":0,"109":0,"110":0,"111":1,"112":0,"113":0,"114":0,"115":0,"116":0,"117":0,"118":0,"119":1,"120":180,"121":180,"122":180,"123":180,"124":180,"125":180,"126":180,"127":1,"128":0,"129":0,"130":0,"131":0,"132":0,"133":0,"134":1,"135":564,"136":564,"137":564,"138":564,"139":1,"140":564,"141":564,"142":0,"143":564,"144":564,"145":564,"146":1,"147":16098,"148":16098,"149":0,"150":0,"151":0,"152":0,"153":0,"154":0,"155":16098,"156":1,"157":16662,"158":16662,"159":1,"160":16098,"161":16098,"162":16098,"163":16098,"164":16098,"165":1,"166":70829,"167":0,"168":1,"169":0,"170":1,"171":0,"172":0,"173":0,"174":1,"175":0,"176":0,"177":0,"178":0,"179":0,"180":0,"181":1,"182":1,"183":0,"184":0,"185":0,"186":0,"187":0,"188":0,"189":0},"f":{"0":1,"1":180,"2":0,"3":0,"4":0,"5":0,"6":0,"7":0,"8":0,"9":180,"10":0,"11":564,"12":564,"13":16098,"14":16662,"15":16098,"16":70829,"17":0,"18":0,"19":0,"20":0},"b":{"0":[180,34558],"1":[0,180],"2":[45,135],"3":[384,34174],"4":[0,384],"5":[384,0,0,0],"6":[16098,18460],"7":[0,16098],"8":[16098,16098,0],"9":[0,0],"10":[0,0],"11":[0,16098],"12":[16098,0],"13":[0,34558],"14":[34558,34558],"15":[0,0],"16":[0,0],"17":[519,34039],"18":[519,0],"19":[0,0],"20":[0,34039],"21":[0,0],"22":[0,0],"23":[15534,18505],"24":[18505,0],"25":[0,0],"26":[0,0],"27":[0,0],"28":[0,0],"29":[0,0],"30":[0,0],"31":[0,0],"32":[0,0],"33":[0,564],"34":[564,564,384],"35":[564,564],"36":[16098,0],"37":[0,0],"38":[0,0],"39":[0,0],"40":[16098,0],"41":[0,70829],"42":[1,0],"43":[1,1],"44":[0,0],"45":[0,0],"46":[0,0],"47":[0,0]},"_coverageSchema":"332fd63041d2c1bcb487cc26dd0d5f7d97098a6c","hash":"1bc25b87f50aa11cd6435584d3ce04a78f775617"}
}
