{"E:\\Workspace\\SetTempRange\\sample\\sample.js": {"path":"E:\\Workspace\\SetTempRange\\sample\\sample.js","statementMap":{"0":{"start":{"line":1,"column":14},"end":{"line":60,"column":3}},"1":{"start":{"line":3,"column":8},"end":{"line":15,"column":10}},"2":{"start":{"line":16,"column":8},"end":{"line":27,"column":10}},"3":{"start":{"line":28,"column":8},"end":{"line":33,"column":10}},"4":{"start":{"line":34,"column":8},"end":{"line":56,"column":9}},"5":{"start":{"line":59,"column":4},"end":{"line":59,"column":18}},"6":{"start":{"line":62,"column":0},"end":{"line":62,"column":24}}},"fnMap":{"0":{"name":"(anonymous_0)","decl":{"start":{"line":1,"column":14},"end":{"line":1,"column":15}},"loc":{"start":{"line":1,"column":26},"end":{"line":60,"column":1}},"line":1},"1":{"name":"Sample","decl":{"start":{"line":2,"column":13},"end":{"line":2,"column":19}},"loc":{"start":{"line":2,"column":22},"end":{"line":57,"column":5}},"line":2}},"branchMap":{},"s":{"0":1,"1":3,"2":3,"3":3,"4":3,"5":1,"6":1},"f":{"0":1,"1":3},"b":{},"_coverageSchema":"332fd63041d2c1bcb487cc26dd0d5f7d97098a6c","hash":"e8fff0b7d61902a4ca2abe59dd6640a25d81d93b"}
,"E:\\Workspace\\SetTempRange\\static\\js\\setTempUILimited.js": {"path":"E:\\Workspace\\SetTempRange\\static\\js\\setTempUILimited.js","statementMap":{"0":{"start":{"line":21,"column":15},"end":{"line":21,"column":32}},"1":{"start":{"line":40,"column":14},"end":{"line":40,"column":16}},"2":{"start":{"line":41,"column":14},"end":{"line":41,"column":17}},"3":{"start":{"line":43,"column":20},"end":{"line":49,"column":5}},"4":{"start":{"line":50,"column":19},"end":{"line":50,"column":22}},"5":{"start":{"line":52,"column":4},"end":{"line":52,"column":24}},"6":{"start":{"line":53,"column":4},"end":{"line":58,"column":5}},"7":{"start":{"line":55,"column":23},"end":{"line":55,"column":68}},"8":{"start":{"line":56,"column":8},"end":{"line":56,"column":38}},"9":{"start":{"line":57,"column":8},"end":{"line":57,"column":38}},"10":{"start":{"line":69,"column":8},"end":{"line":129,"column":9}},"11":{"start":{"line":70,"column":12},"end":{"line":104,"column":13}},"12":{"start":{"line":72,"column":16},"end":{"line":75,"column":18}},"13":{"start":{"line":76,"column":16},"end":{"line":79,"column":18}},"14":{"start":{"line":80,"column":16},"end":{"line":80,"column":36}},"15":{"start":{"line":81,"column":19},"end":{"line":104,"column":13}},"16":{"start":{"line":82,"column":16},"end":{"line":85,"column":18}},"17":{"start":{"line":86,"column":16},"end":{"line":89,"column":18}},"18":{"start":{"line":90,"column":16},"end":{"line":93,"column":18}},"19":{"start":{"line":94,"column":16},"end":{"line":97,"column":18}},"20":{"start":{"line":98,"column":16},"end":{"line":101,"column":18}},"21":{"start":{"line":102,"column":16},"end":{"line":102,"column":36}},"22":{"start":{"line":103,"column":16},"end":{"line":103,"column":36}},"23":{"start":{"line":106,"column":12},"end":{"line":116,"column":13}},"24":{"start":{"line":107,"column":16},"end":{"line":110,"column":18}},"25":{"start":{"line":111,"column":16},"end":{"line":114,"column":18}},"26":{"start":{"line":115,"column":16},"end":{"line":115,"column":36}},"27":{"start":{"line":118,"column":12},"end":{"line":128,"column":13}},"28":{"start":{"line":119,"column":16},"end":{"line":122,"column":18}},"29":{"start":{"line":123,"column":16},"end":{"line":126,"column":18}},"30":{"start":{"line":127,"column":16},"end":{"line":127,"column":36}},"31":{"start":{"line":139,"column":29},"end":{"line":139,"column":31}},"32":{"start":{"line":140,"column":8},"end":{"line":142,"column":51}},"33":{"start":{"line":143,"column":8},"end":{"line":145,"column":51}},"34":{"start":{"line":147,"column":8},"end":{"line":147,"column":30}},"35":{"start":{"line":150,"column":4},"end":{"line":150,"column":21}},"36":{"start":{"line":153,"column":0},"end":{"line":153,"column":27}}},"fnMap":{"0":{"name":"calTmpLmt","decl":{"start":{"line":39,"column":9},"end":{"line":39,"column":18}},"loc":{"start":{"line":39,"column":43},"end":{"line":151,"column":1}},"line":39},"1":{"name":"localGetStaTmpLmt","decl":{"start":{"line":67,"column":13},"end":{"line":67,"column":30}},"loc":{"start":{"line":67,"column":33},"end":{"line":130,"column":5}},"line":67},"2":{"name":"localTuneCoolHeat","decl":{"start":{"line":138,"column":13},"end":{"line":138,"column":30}},"loc":{"start":{"line":138,"column":49},"end":{"line":148,"column":5}},"line":138}},"branchMap":{"0":{"loc":{"start":{"line":53,"column":4},"end":{"line":58,"column":5}},"type":"if","locations":[{"start":{"line":53,"column":4},"end":{"line":58,"column":5}},{"start":{"line":53,"column":4},"end":{"line":58,"column":5}}],"line":53},"1":{"loc":{"start":{"line":53,"column":8},"end":{"line":53,"column":54}},"type":"binary-expr","locations":[{"start":{"line":53,"column":8},"end":{"line":53,"column":29}},{"start":{"line":53,"column":33},"end":{"line":53,"column":54}}],"line":53},"2":{"loc":{"start":{"line":70,"column":12},"end":{"line":104,"column":13}},"type":"if","locations":[{"start":{"line":70,"column":12},"end":{"line":104,"column":13}},{"start":{"line":70,"column":12},"end":{"line":104,"column":13}}],"line":70},"3":{"loc":{"start":{"line":70,"column":16},"end":{"line":71,"column":45}},"type":"binary-expr","locations":[{"start":{"line":70,"column":16},"end":{"line":70,"column":45}},{"start":{"line":71,"column":16},"end":{"line":71,"column":45}}],"line":70},"4":{"loc":{"start":{"line":81,"column":19},"end":{"line":104,"column":13}},"type":"if","locations":[{"start":{"line":81,"column":19},"end":{"line":104,"column":13}},{"start":{"line":81,"column":19},"end":{"line":104,"column":13}}],"line":81},"5":{"loc":{"start":{"line":106,"column":12},"end":{"line":116,"column":13}},"type":"if","locations":[{"start":{"line":106,"column":12},"end":{"line":116,"column":13}},{"start":{"line":106,"column":12},"end":{"line":116,"column":13}}],"line":106},"6":{"loc":{"start":{"line":118,"column":12},"end":{"line":128,"column":13}},"type":"if","locations":[{"start":{"line":118,"column":12},"end":{"line":128,"column":13}},{"start":{"line":118,"column":12},"end":{"line":128,"column":13}}],"line":118},"7":{"loc":{"start":{"line":141,"column":12},"end":{"line":142,"column":50}},"type":"cond-expr","locations":[{"start":{"line":142,"column":16},"end":{"line":142,"column":26}},{"start":{"line":142,"column":29},"end":{"line":142,"column":50}}],"line":141},"8":{"loc":{"start":{"line":144,"column":12},"end":{"line":145,"column":50}},"type":"cond-expr","locations":[{"start":{"line":145,"column":16},"end":{"line":145,"column":26}},{"start":{"line":145,"column":29},"end":{"line":145,"column":50}}],"line":144}},"s":{"0":1,"1":9,"2":9,"3":9,"4":9,"5":9,"6":9,"7":6,"8":6,"9":6,"10":9,"11":12,"12":3,"13":3,"14":3,"15":9,"16":9,"17":9,"18":9,"19":9,"20":9,"21":9,"22":9,"23":12,"24":12,"25":12,"26":12,"27":12,"28":12,"29":12,"30":12,"31":6,"32":6,"33":6,"34":6,"35":9,"36":1},"f":{"0":9,"1":9,"2":6},"b":{"0":[6,3],"1":[9,3],"2":[3,9],"3":[12,12],"4":[9,0],"5":[12,0],"6":[12,0],"7":[0,6],"8":[3,3]},"_coverageSchema":"332fd63041d2c1bcb487cc26dd0d5f7d97098a6c","hash":"83147df5f75941bf92b37b4c60a2552a3f62d5f9"}
}
