{"E:\\Workspace\\SetTempRange\\static\\js\\setTempUILimited.js": {"path":"E:\\Workspace\\SetTempRange\\static\\js\\setTempUILimited.js","statementMap":{"0":{"start":{"line":21,"column":15},"end":{"line":21,"column":32}},"1":{"start":{"line":40,"column":14},"end":{"line":40,"column":15}},"2":{"start":{"line":41,"column":14},"end":{"line":41,"column":17}},"3":{"start":{"line":43,"column":20},"end":{"line":49,"column":5}},"4":{"start":{"line":51,"column":22},"end":{"line":57,"column":5}},"5":{"start":{"line":59,"column":19},"end":{"line":59,"column":22}},"6":{"start":{"line":61,"column":4},"end":{"line":61,"column":24}},"7":{"start":{"line":64,"column":4},"end":{"line":66,"column":5}},"8":{"start":{"line":65,"column":8},"end":{"line":65,"column":25}},"9":{"start":{"line":68,"column":4},"end":{"line":68,"column":23}},"10":{"start":{"line":71,"column":4},"end":{"line":71,"column":21}},"11":{"start":{"line":73,"column":4},"end":{"line":73,"column":27}},"12":{"start":{"line":75,"column":4},"end":{"line":80,"column":5}},"13":{"start":{"line":77,"column":23},"end":{"line":77,"column":68}},"14":{"start":{"line":78,"column":8},"end":{"line":78,"column":38}},"15":{"start":{"line":79,"column":8},"end":{"line":79,"column":38}},"16":{"start":{"line":87,"column":8},"end":{"line":147,"column":9}},"17":{"start":{"line":88,"column":12},"end":{"line":122,"column":13}},"18":{"start":{"line":90,"column":16},"end":{"line":93,"column":18}},"19":{"start":{"line":94,"column":16},"end":{"line":97,"column":18}},"20":{"start":{"line":98,"column":16},"end":{"line":98,"column":36}},"21":{"start":{"line":99,"column":19},"end":{"line":122,"column":13}},"22":{"start":{"line":100,"column":16},"end":{"line":103,"column":18}},"23":{"start":{"line":104,"column":16},"end":{"line":107,"column":18}},"24":{"start":{"line":108,"column":16},"end":{"line":111,"column":18}},"25":{"start":{"line":112,"column":16},"end":{"line":115,"column":18}},"26":{"start":{"line":116,"column":16},"end":{"line":119,"column":18}},"27":{"start":{"line":120,"column":16},"end":{"line":120,"column":36}},"28":{"start":{"line":121,"column":16},"end":{"line":121,"column":36}},"29":{"start":{"line":124,"column":12},"end":{"line":134,"column":13}},"30":{"start":{"line":125,"column":16},"end":{"line":128,"column":18}},"31":{"start":{"line":129,"column":16},"end":{"line":132,"column":18}},"32":{"start":{"line":133,"column":16},"end":{"line":133,"column":36}},"33":{"start":{"line":136,"column":12},"end":{"line":146,"column":13}},"34":{"start":{"line":137,"column":16},"end":{"line":140,"column":18}},"35":{"start":{"line":141,"column":16},"end":{"line":144,"column":18}},"36":{"start":{"line":145,"column":16},"end":{"line":145,"column":36}},"37":{"start":{"line":155,"column":25},"end":{"line":155,"column":62}},"38":{"start":{"line":157,"column":8},"end":{"line":162,"column":9}},"39":{"start":{"line":158,"column":12},"end":{"line":158,"column":57}},"40":{"start":{"line":159,"column":12},"end":{"line":161,"column":13}},"41":{"start":{"line":160,"column":16},"end":{"line":160,"column":28}},"42":{"start":{"line":163,"column":8},"end":{"line":163,"column":21}},"43":{"start":{"line":173,"column":29},"end":{"line":173,"column":31}},"44":{"start":{"line":174,"column":8},"end":{"line":176,"column":51}},"45":{"start":{"line":177,"column":8},"end":{"line":179,"column":51}},"46":{"start":{"line":181,"column":8},"end":{"line":181,"column":30}},"47":{"start":{"line":188,"column":8},"end":{"line":198,"column":9}},"48":{"start":{"line":189,"column":12},"end":{"line":191,"column":13}},"49":{"start":{"line":190,"column":16},"end":{"line":190,"column":49}},"50":{"start":{"line":192,"column":12},"end":{"line":194,"column":13}},"51":{"start":{"line":193,"column":16},"end":{"line":193,"column":49}},"52":{"start":{"line":195,"column":12},"end":{"line":197,"column":13}},"53":{"start":{"line":196,"column":16},"end":{"line":196,"column":49}},"54":{"start":{"line":207,"column":8},"end":{"line":207,"column":45}},"55":{"start":{"line":208,"column":8},"end":{"line":208,"column":45}},"56":{"start":{"line":209,"column":8},"end":{"line":211,"column":9}},"57":{"start":{"line":210,"column":12},"end":{"line":210,"column":34}},"58":{"start":{"line":213,"column":8},"end":{"line":213,"column":45}},"59":{"start":{"line":214,"column":8},"end":{"line":214,"column":45}},"60":{"start":{"line":215,"column":8},"end":{"line":217,"column":9}},"61":{"start":{"line":216,"column":12},"end":{"line":216,"column":34}},"62":{"start":{"line":219,"column":8},"end":{"line":219,"column":45}},"63":{"start":{"line":220,"column":8},"end":{"line":220,"column":45}},"64":{"start":{"line":221,"column":8},"end":{"line":223,"column":9}},"65":{"start":{"line":222,"column":12},"end":{"line":222,"column":34}},"66":{"start":{"line":225,"column":8},"end":{"line":225,"column":46}},"67":{"start":{"line":226,"column":8},"end":{"line":226,"column":46}},"68":{"start":{"line":227,"column":8},"end":{"line":229,"column":9}},"69":{"start":{"line":228,"column":12},"end":{"line":228,"column":34}},"70":{"start":{"line":231,"column":8},"end":{"line":231,"column":46}},"71":{"start":{"line":232,"column":8},"end":{"line":232,"column":46}},"72":{"start":{"line":233,"column":8},"end":{"line":235,"column":9}},"73":{"start":{"line":234,"column":12},"end":{"line":234,"column":34}},"74":{"start":{"line":245,"column":20},"end":{"line":245,"column":22}},"75":{"start":{"line":246,"column":8},"end":{"line":255,"column":9}},"76":{"start":{"line":247,"column":12},"end":{"line":249,"column":13}},"77":{"start":{"line":248,"column":16},"end":{"line":248,"column":25}},"78":{"start":{"line":250,"column":12},"end":{"line":254,"column":13}},"79":{"start":{"line":251,"column":16},"end":{"line":251,"column":39}},"80":{"start":{"line":252,"column":19},"end":{"line":254,"column":13}},"81":{"start":{"line":253,"column":16},"end":{"line":253,"column":26}},"82":{"start":{"line":256,"column":8},"end":{"line":256,"column":21}},"83":{"start":{"line":263,"column":8},"end":{"line":274,"column":9}},"84":{"start":{"line":264,"column":12},"end":{"line":273,"column":13}},"85":{"start":{"line":267,"column":16},"end":{"line":269,"column":17}},"86":{"start":{"line":268,"column":20},"end":{"line":268,"column":56}},"87":{"start":{"line":270,"column":16},"end":{"line":272,"column":17}},"88":{"start":{"line":271,"column":20},"end":{"line":271,"column":56}},"89":{"start":{"line":277,"column":4},"end":{"line":277,"column":21}},"90":{"start":{"line":280,"column":0},"end":{"line":280,"column":27}}},"fnMap":{"0":{"name":"calTmpLmt","decl":{"start":{"line":39,"column":9},"end":{"line":39,"column":18}},"loc":{"start":{"line":39,"column":43},"end":{"line":278,"column":1}},"line":39},"1":{"name":"localCalStaTmpLmt","decl":{"start":{"line":85,"column":13},"end":{"line":85,"column":30}},"loc":{"start":{"line":85,"column":33},"end":{"line":148,"column":5}},"line":85},"2":{"name":"localIsModeMixed","decl":{"start":{"line":154,"column":13},"end":{"line":154,"column":29}},"loc":{"start":{"line":154,"column":32},"end":{"line":164,"column":5}},"line":154},"3":{"name":"localTuneCoolHeat","decl":{"start":{"line":172,"column":13},"end":{"line":172,"column":30}},"loc":{"start":{"line":172,"column":49},"end":{"line":182,"column":5}},"line":172},"4":{"name":"localCorrectTemp","decl":{"start":{"line":187,"column":13},"end":{"line":187,"column":29}},"loc":{"start":{"line":187,"column":32},"end":{"line":199,"column":5}},"line":187},"5":{"name":"localGetDymTmp","decl":{"start":{"line":205,"column":13},"end":{"line":205,"column":27}},"loc":{"start":{"line":205,"column":30},"end":{"line":237,"column":5}},"line":205},"6":{"name":"localGetValue","decl":{"start":{"line":244,"column":13},"end":{"line":244,"column":26}},"loc":{"start":{"line":244,"column":32},"end":{"line":257,"column":5}},"line":244},"7":{"name":"localGetStaAndDynTmp","decl":{"start":{"line":262,"column":13},"end":{"line":262,"column":33}},"loc":{"start":{"line":262,"column":36},"end":{"line":275,"column":5}},"line":262}},"branchMap":{"0":{"loc":{"start":{"line":64,"column":4},"end":{"line":66,"column":5}},"type":"if","locations":[{"start":{"line":64,"column":4},"end":{"line":66,"column":5}},{"start":{"line":64,"column":4},"end":{"line":66,"column":5}}],"line":64},"1":{"loc":{"start":{"line":75,"column":4},"end":{"line":80,"column":5}},"type":"if","locations":[{"start":{"line":75,"column":4},"end":{"line":80,"column":5}},{"start":{"line":75,"column":4},"end":{"line":80,"column":5}}],"line":75},"2":{"loc":{"start":{"line":75,"column":8},"end":{"line":75,"column":54}},"type":"binary-expr","locations":[{"start":{"line":75,"column":8},"end":{"line":75,"column":29}},{"start":{"line":75,"column":33},"end":{"line":75,"column":54}}],"line":75},"3":{"loc":{"start":{"line":88,"column":12},"end":{"line":122,"column":13}},"type":"if","locations":[{"start":{"line":88,"column":12},"end":{"line":122,"column":13}},{"start":{"line":88,"column":12},"end":{"line":122,"column":13}}],"line":88},"4":{"loc":{"start":{"line":88,"column":16},"end":{"line":89,"column":45}},"type":"binary-expr","locations":[{"start":{"line":88,"column":16},"end":{"line":88,"column":45}},{"start":{"line":89,"column":16},"end":{"line":89,"column":45}}],"line":88},"5":{"loc":{"start":{"line":99,"column":19},"end":{"line":122,"column":13}},"type":"if","locations":[{"start":{"line":99,"column":19},"end":{"line":122,"column":13}},{"start":{"line":99,"column":19},"end":{"line":122,"column":13}}],"line":99},"6":{"loc":{"start":{"line":124,"column":12},"end":{"line":134,"column":13}},"type":"if","locations":[{"start":{"line":124,"column":12},"end":{"line":134,"column":13}},{"start":{"line":124,"column":12},"end":{"line":134,"column":13}}],"line":124},"7":{"loc":{"start":{"line":136,"column":12},"end":{"line":146,"column":13}},"type":"if","locations":[{"start":{"line":136,"column":12},"end":{"line":146,"column":13}},{"start":{"line":136,"column":12},"end":{"line":146,"column":13}}],"line":136},"8":{"loc":{"start":{"line":155,"column":25},"end":{"line":155,"column":62}},"type":"cond-expr","locations":[{"start":{"line":155,"column":46},"end":{"line":155,"column":47}},{"start":{"line":155,"column":50},"end":{"line":155,"column":62}}],"line":155},"9":{"loc":{"start":{"line":158,"column":19},"end":{"line":158,"column":56}},"type":"cond-expr","locations":[{"start":{"line":158,"column":40},"end":{"line":158,"column":41}},{"start":{"line":158,"column":44},"end":{"line":158,"column":56}}],"line":158},"10":{"loc":{"start":{"line":159,"column":12},"end":{"line":161,"column":13}},"type":"if","locations":[{"start":{"line":159,"column":12},"end":{"line":161,"column":13}},{"start":{"line":159,"column":12},"end":{"line":161,"column":13}}],"line":159},"11":{"loc":{"start":{"line":175,"column":12},"end":{"line":176,"column":50}},"type":"cond-expr","locations":[{"start":{"line":176,"column":16},"end":{"line":176,"column":26}},{"start":{"line":176,"column":29},"end":{"line":176,"column":50}}],"line":175},"12":{"loc":{"start":{"line":178,"column":12},"end":{"line":179,"column":50}},"type":"cond-expr","locations":[{"start":{"line":179,"column":16},"end":{"line":179,"column":26}},{"start":{"line":179,"column":29},"end":{"line":179,"column":50}}],"line":178},"13":{"loc":{"start":{"line":189,"column":12},"end":{"line":191,"column":13}},"type":"if","locations":[{"start":{"line":189,"column":12},"end":{"line":191,"column":13}},{"start":{"line":189,"column":12},"end":{"line":191,"column":13}}],"line":189},"14":{"loc":{"start":{"line":189,"column":16},"end":{"line":189,"column":58}},"type":"binary-expr","locations":[{"start":{"line":189,"column":16},"end":{"line":189,"column":35}},{"start":{"line":189,"column":39},"end":{"line":189,"column":58}}],"line":189},"15":{"loc":{"start":{"line":192,"column":12},"end":{"line":194,"column":13}},"type":"if","locations":[{"start":{"line":192,"column":12},"end":{"line":194,"column":13}},{"start":{"line":192,"column":12},"end":{"line":194,"column":13}}],"line":192},"16":{"loc":{"start":{"line":195,"column":12},"end":{"line":197,"column":13}},"type":"if","locations":[{"start":{"line":195,"column":12},"end":{"line":197,"column":13}},{"start":{"line":195,"column":12},"end":{"line":197,"column":13}}],"line":195},"17":{"loc":{"start":{"line":209,"column":8},"end":{"line":211,"column":9}},"type":"if","locations":[{"start":{"line":209,"column":8},"end":{"line":211,"column":9}},{"start":{"line":209,"column":8},"end":{"line":211,"column":9}}],"line":209},"18":{"loc":{"start":{"line":209,"column":12},"end":{"line":209,"column":64}},"type":"binary-expr","locations":[{"start":{"line":209,"column":12},"end":{"line":209,"column":36}},{"start":{"line":209,"column":40},"end":{"line":209,"column":64}}],"line":209},"19":{"loc":{"start":{"line":215,"column":8},"end":{"line":217,"column":9}},"type":"if","locations":[{"start":{"line":215,"column":8},"end":{"line":217,"column":9}},{"start":{"line":215,"column":8},"end":{"line":217,"column":9}}],"line":215},"20":{"loc":{"start":{"line":215,"column":12},"end":{"line":215,"column":64}},"type":"binary-expr","locations":[{"start":{"line":215,"column":12},"end":{"line":215,"column":36}},{"start":{"line":215,"column":40},"end":{"line":215,"column":64}}],"line":215},"21":{"loc":{"start":{"line":221,"column":8},"end":{"line":223,"column":9}},"type":"if","locations":[{"start":{"line":221,"column":8},"end":{"line":223,"column":9}},{"start":{"line":221,"column":8},"end":{"line":223,"column":9}}],"line":221},"22":{"loc":{"start":{"line":221,"column":12},"end":{"line":221,"column":64}},"type":"binary-expr","locations":[{"start":{"line":221,"column":12},"end":{"line":221,"column":36}},{"start":{"line":221,"column":40},"end":{"line":221,"column":64}}],"line":221},"23":{"loc":{"start":{"line":227,"column":8},"end":{"line":229,"column":9}},"type":"if","locations":[{"start":{"line":227,"column":8},"end":{"line":229,"column":9}},{"start":{"line":227,"column":8},"end":{"line":229,"column":9}}],"line":227},"24":{"loc":{"start":{"line":227,"column":12},"end":{"line":227,"column":64}},"type":"binary-expr","locations":[{"start":{"line":227,"column":12},"end":{"line":227,"column":36}},{"start":{"line":227,"column":40},"end":{"line":227,"column":64}}],"line":227},"25":{"loc":{"start":{"line":233,"column":8},"end":{"line":235,"column":9}},"type":"if","locations":[{"start":{"line":233,"column":8},"end":{"line":235,"column":9}},{"start":{"line":233,"column":8},"end":{"line":235,"column":9}}],"line":233},"26":{"loc":{"start":{"line":233,"column":12},"end":{"line":233,"column":64}},"type":"binary-expr","locations":[{"start":{"line":233,"column":12},"end":{"line":233,"column":36}},{"start":{"line":233,"column":40},"end":{"line":233,"column":64}}],"line":233},"27":{"loc":{"start":{"line":247,"column":12},"end":{"line":249,"column":13}},"type":"if","locations":[{"start":{"line":247,"column":12},"end":{"line":249,"column":13}},{"start":{"line":247,"column":12},"end":{"line":249,"column":13}}],"line":247},"28":{"loc":{"start":{"line":250,"column":12},"end":{"line":254,"column":13}},"type":"if","locations":[{"start":{"line":250,"column":12},"end":{"line":254,"column":13}},{"start":{"line":250,"column":12},"end":{"line":254,"column":13}}],"line":250},"29":{"loc":{"start":{"line":252,"column":19},"end":{"line":254,"column":13}},"type":"if","locations":[{"start":{"line":252,"column":19},"end":{"line":254,"column":13}},{"start":{"line":252,"column":19},"end":{"line":254,"column":13}}],"line":252},"30":{"loc":{"start":{"line":264,"column":12},"end":{"line":273,"column":13}},"type":"if","locations":[{"start":{"line":264,"column":12},"end":{"line":273,"column":13}},{"start":{"line":264,"column":12},"end":{"line":273,"column":13}}],"line":264},"31":{"loc":{"start":{"line":264,"column":16},"end":{"line":266,"column":53}},"type":"binary-expr","locations":[{"start":{"line":264,"column":16},"end":{"line":264,"column":37}},{"start":{"line":265,"column":16},"end":{"line":265,"column":39}},{"start":{"line":266,"column":16},"end":{"line":266,"column":53}}],"line":264},"32":{"loc":{"start":{"line":267,"column":16},"end":{"line":269,"column":17}},"type":"if","locations":[{"start":{"line":267,"column":16},"end":{"line":269,"column":17}},{"start":{"line":267,"column":16},"end":{"line":269,"column":17}}],"line":267},"33":{"loc":{"start":{"line":270,"column":16},"end":{"line":272,"column":17}},"type":"if","locations":[{"start":{"line":270,"column":16},"end":{"line":272,"column":17}},{"start":{"line":270,"column":16},"end":{"line":272,"column":17}}],"line":270}},"s":{"0":1,"1":15,"2":15,"3":15,"4":15,"5":15,"6":15,"7":15,"8":0,"9":15,"10":15,"11":15,"12":15,"13":15,"14":15,"15":15,"16":15,"17":30,"18":15,"19":15,"20":15,"21":15,"22":15,"23":15,"24":15,"25":15,"26":15,"27":15,"28":15,"29":30,"30":30,"31":30,"32":30,"33":30,"34":30,"35":30,"36":30,"37":15,"38":15,"39":15,"40":15,"41":0,"42":15,"43":15,"44":15,"45":15,"46":15,"47":15,"48":30,"49":15,"50":30,"51":0,"52":30,"53":0,"54":15,"55":15,"56":15,"57":0,"58":15,"59":15,"60":15,"61":0,"62":15,"63":15,"64":15,"65":0,"66":15,"67":15,"68":15,"69":0,"70":15,"71":15,"72":15,"73":0,"74":90,"75":90,"76":180,"77":30,"78":150,"79":90,"80":60,"81":0,"82":90,"83":15,"84":75,"85":60,"86":50,"87":60,"88":53,"89":15,"90":1},"f":{"0":15,"1":15,"2":15,"3":15,"4":15,"5":15,"6":90,"7":15},"b":{"0":[0,15],"1":[15,0],"2":[15,0],"3":[15,15],"4":[30,30],"5":[15,0],"6":[30,0],"7":[30,0],"8":[0,15],"9":[0,15],"10":[0,15],"11":[8,7],"12":[6,9],"13":[15,15],"14":[30,30],"15":[0,30],"16":[0,30],"17":[0,15],"18":[15,15],"19":[0,15],"20":[15,15],"21":[0,15],"22":[15,15],"23":[0,15],"24":[15,15],"25":[0,15],"26":[15,15],"27":[30,150],"28":[90,60],"29":[0,60],"30":[60,15],"31":[75,75,75],"32":[50,10],"33":[53,7]},"_coverageSchema":"332fd63041d2c1bcb487cc26dd0d5f7d97098a6c","hash":"160524f2779c1792ed4aa607a62559d3eccb435c"}
,"E:\\Workspace\\SetTempRange\\static\\vendor\\csv.js": {"path":"E:\\Workspace\\SetTempRange\\static\\vendor\\csv.js","statementMap":{"0":{"start":{"line":24,"column":0},"end":{"line":374,"column":9}},"1":{"start":{"line":31,"column":14},"end":{"line":31,"column":16}},"2":{"start":{"line":32,"column":4},"end":{"line":32,"column":24}},"3":{"start":{"line":33,"column":4},"end":{"line":33,"column":37}},"4":{"start":{"line":34,"column":4},"end":{"line":34,"column":30}},"5":{"start":{"line":35,"column":4},"end":{"line":35,"column":28}},"6":{"start":{"line":36,"column":4},"end":{"line":36,"column":34}},"7":{"start":{"line":37,"column":4},"end":{"line":37,"column":28}},"8":{"start":{"line":38,"column":4},"end":{"line":38,"column":39}},"9":{"start":{"line":39,"column":4},"end":{"line":39,"column":22}},"10":{"start":{"line":41,"column":4},"end":{"line":41,"column":31}},"11":{"start":{"line":43,"column":4},"end":{"line":43,"column":45}},"12":{"start":{"line":44,"column":4},"end":{"line":44,"column":44}},"13":{"start":{"line":45,"column":4},"end":{"line":45,"column":47}},"14":{"start":{"line":46,"column":4},"end":{"line":46,"column":45}},"15":{"start":{"line":48,"column":16},"end":{"line":48,"column":20}},"16":{"start":{"line":49,"column":13},"end":{"line":49,"column":17}},"17":{"start":{"line":50,"column":13},"end":{"line":50,"column":17}},"18":{"start":{"line":51,"column":16},"end":{"line":51,"column":19}},"19":{"start":{"line":52,"column":14},"end":{"line":52,"column":18}},"20":{"start":{"line":55,"column":20},"end":{"line":55,"column":21}},"21":{"start":{"line":56,"column":20},"end":{"line":56,"column":21}},"22":{"start":{"line":57,"column":21},"end":{"line":57,"column":22}},"23":{"start":{"line":58,"column":22},"end":{"line":58,"column":23}},"24":{"start":{"line":82,"column":4},"end":{"line":193,"column":6}},"25":{"start":{"line":83,"column":21},"end":{"line":83,"column":36}},"26":{"start":{"line":84,"column":8},"end":{"line":84,"column":23}},"27":{"start":{"line":85,"column":8},"end":{"line":85,"column":22}},"28":{"start":{"line":86,"column":8},"end":{"line":86,"column":27}},"29":{"start":{"line":88,"column":8},"end":{"line":88,"column":34}},"30":{"start":{"line":91,"column":8},"end":{"line":191,"column":9}},"31":{"start":{"line":93,"column":12},"end":{"line":93,"column":34}},"32":{"start":{"line":94,"column":12},"end":{"line":94,"column":30}},"33":{"start":{"line":97,"column":12},"end":{"line":109,"column":13}},"34":{"start":{"line":98,"column":16},"end":{"line":99,"column":45}},"35":{"start":{"line":99,"column":20},"end":{"line":99,"column":45}},"36":{"start":{"line":101,"column":16},"end":{"line":104,"column":17}},"37":{"start":{"line":102,"column":20},"end":{"line":102,"column":36}},"38":{"start":{"line":103,"column":20},"end":{"line":103,"column":37}},"39":{"start":{"line":106,"column":16},"end":{"line":106,"column":63}},"40":{"start":{"line":107,"column":16},"end":{"line":107,"column":28}},"41":{"start":{"line":108,"column":16},"end":{"line":108,"column":22}},"42":{"start":{"line":111,"column":12},"end":{"line":117,"column":13}},"43":{"start":{"line":113,"column":16},"end":{"line":115,"column":17}},"44":{"start":{"line":114,"column":20},"end":{"line":114,"column":29}},"45":{"start":{"line":116,"column":16},"end":{"line":116,"column":35}},"46":{"start":{"line":120,"column":12},"end":{"line":139,"column":13}},"47":{"start":{"line":122,"column":16},"end":{"line":130,"column":17}},"48":{"start":{"line":123,"column":20},"end":{"line":129,"column":21}},"49":{"start":{"line":124,"column":24},"end":{"line":124,"column":33}},"50":{"start":{"line":128,"column":24},"end":{"line":128,"column":49}},"51":{"start":{"line":132,"column":16},"end":{"line":137,"column":17}},"52":{"start":{"line":133,"column":20},"end":{"line":133,"column":53}},"53":{"start":{"line":134,"column":20},"end":{"line":134,"column":39}},"54":{"start":{"line":135,"column":20},"end":{"line":135,"column":42}},"55":{"start":{"line":136,"column":20},"end":{"line":136,"column":29}},"56":{"start":{"line":138,"column":16},"end":{"line":138,"column":38}},"57":{"start":{"line":142,"column":12},"end":{"line":160,"column":13}},"58":{"start":{"line":143,"column":16},"end":{"line":158,"column":17}},"59":{"start":{"line":144,"column":20},"end":{"line":153,"column":21}},"60":{"start":{"line":145,"column":24},"end":{"line":145,"column":57}},"61":{"start":{"line":146,"column":24},"end":{"line":146,"column":43}},"62":{"start":{"line":147,"column":24},"end":{"line":147,"column":37}},"63":{"start":{"line":150,"column":24},"end":{"line":150,"column":55}},"64":{"start":{"line":151,"column":24},"end":{"line":151,"column":44}},"65":{"start":{"line":152,"column":24},"end":{"line":152,"column":47}},"66":{"start":{"line":156,"column":20},"end":{"line":156,"column":35}},"67":{"start":{"line":157,"column":20},"end":{"line":157,"column":62}},"68":{"start":{"line":159,"column":16},"end":{"line":159,"column":25}},"69":{"start":{"line":163,"column":12},"end":{"line":190,"column":13}},"70":{"start":{"line":164,"column":16},"end":{"line":167,"column":46}},"71":{"start":{"line":165,"column":20},"end":{"line":165,"column":33}},"72":{"start":{"line":166,"column":21},"end":{"line":167,"column":46}},"73":{"start":{"line":167,"column":20},"end":{"line":167,"column":46}},"74":{"start":{"line":168,"column":16},"end":{"line":168,"column":32}},"75":{"start":{"line":169,"column":16},"end":{"line":169,"column":33}},"76":{"start":{"line":171,"column":17},"end":{"line":190,"column":13}},"77":{"start":{"line":172,"column":16},"end":{"line":173,"column":46}},"78":{"start":{"line":173,"column":20},"end":{"line":173,"column":46}},"79":{"start":{"line":174,"column":16},"end":{"line":174,"column":32}},"80":{"start":{"line":175,"column":16},"end":{"line":175,"column":33}},"81":{"start":{"line":177,"column":17},"end":{"line":190,"column":13}},"82":{"start":{"line":178,"column":16},"end":{"line":178,"column":32}},"83":{"start":{"line":180,"column":17},"end":{"line":190,"column":13}},"84":{"start":{"line":181,"column":16},"end":{"line":181,"column":31}},"85":{"start":{"line":182,"column":16},"end":{"line":182,"column":50}},"86":{"start":{"line":184,"column":17},"end":{"line":190,"column":13}},"87":{"start":{"line":185,"column":16},"end":{"line":186,"column":47}},"88":{"start":{"line":186,"column":20},"end":{"line":186,"column":47}},"89":{"start":{"line":188,"column":17},"end":{"line":190,"column":13}},"90":{"start":{"line":189,"column":16},"end":{"line":189,"column":42}},"91":{"start":{"line":192,"column":8},"end":{"line":192,"column":22}},"92":{"start":{"line":202,"column":4},"end":{"line":230,"column":6}},"93":{"start":{"line":203,"column":21},"end":{"line":203,"column":38}},"94":{"start":{"line":204,"column":16},"end":{"line":204,"column":56}},"95":{"start":{"line":205,"column":8},"end":{"line":205,"column":21}},"96":{"start":{"line":206,"column":8},"end":{"line":206,"column":21}},"97":{"start":{"line":207,"column":8},"end":{"line":211,"column":13}},"98":{"start":{"line":208,"column":12},"end":{"line":210,"column":13}},"99":{"start":{"line":209,"column":16},"end":{"line":209,"column":42}},"100":{"start":{"line":213,"column":8},"end":{"line":220,"column":10}},"101":{"start":{"line":214,"column":24},"end":{"line":216,"column":63}},"102":{"start":{"line":217,"column":12},"end":{"line":217,"column":37}},"103":{"start":{"line":218,"column":12},"end":{"line":218,"column":40}},"104":{"start":{"line":219,"column":12},"end":{"line":219,"column":18}},"105":{"start":{"line":222,"column":8},"end":{"line":228,"column":10}},"106":{"start":{"line":223,"column":12},"end":{"line":226,"column":13}},"107":{"start":{"line":224,"column":16},"end":{"line":224,"column":40}},"108":{"start":{"line":225,"column":16},"end":{"line":225,"column":31}},"109":{"start":{"line":227,"column":12},"end":{"line":227,"column":18}},"110":{"start":{"line":229,"column":8},"end":{"line":229,"column":16}},"111":{"start":{"line":232,"column":4},"end":{"line":241,"column":6}},"112":{"start":{"line":233,"column":17},"end":{"line":233,"column":30}},"113":{"start":{"line":234,"column":21},"end":{"line":234,"column":38}},"114":{"start":{"line":235,"column":16},"end":{"line":235,"column":55}},"115":{"start":{"line":236,"column":8},"end":{"line":239,"column":10}},"116":{"start":{"line":237,"column":12},"end":{"line":237,"column":60}},"117":{"start":{"line":238,"column":12},"end":{"line":238,"column":18}},"118":{"start":{"line":240,"column":8},"end":{"line":240,"column":16}},"119":{"start":{"line":243,"column":4},"end":{"line":251,"column":6}},"120":{"start":{"line":244,"column":8},"end":{"line":244,"column":25}},"121":{"start":{"line":245,"column":8},"end":{"line":245,"column":25}},"122":{"start":{"line":246,"column":8},"end":{"line":246,"column":27}},"123":{"start":{"line":247,"column":8},"end":{"line":247,"column":26}},"124":{"start":{"line":248,"column":8},"end":{"line":248,"column":26}},"125":{"start":{"line":249,"column":8},"end":{"line":249,"column":26}},"126":{"start":{"line":250,"column":8},"end":{"line":250,"column":23}},"127":{"start":{"line":253,"column":4},"end":{"line":263,"column":6}},"128":{"start":{"line":254,"column":16},"end":{"line":254,"column":26}},"129":{"start":{"line":256,"column":8},"end":{"line":261,"column":9}},"130":{"start":{"line":257,"column":12},"end":{"line":257,"column":29}},"131":{"start":{"line":258,"column":12},"end":{"line":260,"column":13}},"132":{"start":{"line":259,"column":16},"end":{"line":259,"column":25}},"133":{"start":{"line":262,"column":8},"end":{"line":262,"column":20}},"134":{"start":{"line":265,"column":4},"end":{"line":270,"column":6}},"135":{"start":{"line":266,"column":8},"end":{"line":266,"column":28}},"136":{"start":{"line":267,"column":8},"end":{"line":267,"column":24}},"137":{"start":{"line":268,"column":8},"end":{"line":268,"column":26}},"138":{"start":{"line":269,"column":8},"end":{"line":269,"column":34}},"139":{"start":{"line":272,"column":4},"end":{"line":280,"column":6}},"140":{"start":{"line":273,"column":8},"end":{"line":273,"column":32}},"141":{"start":{"line":274,"column":8},"end":{"line":276,"column":9}},"142":{"start":{"line":275,"column":12},"end":{"line":275,"column":37}},"143":{"start":{"line":277,"column":8},"end":{"line":277,"column":36}},"144":{"start":{"line":278,"column":8},"end":{"line":278,"column":44}},"145":{"start":{"line":279,"column":8},"end":{"line":279,"column":26}},"146":{"start":{"line":282,"column":4},"end":{"line":296,"column":6}},"147":{"start":{"line":283,"column":8},"end":{"line":294,"column":9}},"148":{"start":{"line":284,"column":12},"end":{"line":284,"column":38}},"149":{"start":{"line":286,"column":13},"end":{"line":294,"column":9}},"150":{"start":{"line":287,"column":12},"end":{"line":287,"column":52}},"151":{"start":{"line":289,"column":13},"end":{"line":294,"column":9}},"152":{"start":{"line":290,"column":12},"end":{"line":290,"column":30}},"153":{"start":{"line":292,"column":13},"end":{"line":294,"column":9}},"154":{"start":{"line":293,"column":12},"end":{"line":293,"column":25}},"155":{"start":{"line":295,"column":8},"end":{"line":295,"column":21}},"156":{"start":{"line":298,"column":4},"end":{"line":302,"column":6}},"157":{"start":{"line":299,"column":8},"end":{"line":299,"column":30}},"158":{"start":{"line":301,"column":8},"end":{"line":301,"column":23}},"159":{"start":{"line":304,"column":4},"end":{"line":311,"column":6}},"160":{"start":{"line":305,"column":8},"end":{"line":307,"column":9}},"161":{"start":{"line":306,"column":12},"end":{"line":306,"column":52}},"162":{"start":{"line":308,"column":8},"end":{"line":308,"column":35}},"163":{"start":{"line":309,"column":8},"end":{"line":309,"column":42}},"164":{"start":{"line":310,"column":8},"end":{"line":310,"column":26}},"165":{"start":{"line":313,"column":4},"end":{"line":316,"column":6}},"166":{"start":{"line":314,"column":8},"end":{"line":315,"column":35}},"167":{"start":{"line":315,"column":12},"end":{"line":315,"column":35}},"168":{"start":{"line":318,"column":4},"end":{"line":326,"column":6}},"169":{"start":{"line":319,"column":8},"end":{"line":325,"column":20}},"170":{"start":{"line":328,"column":4},"end":{"line":332,"column":6}},"171":{"start":{"line":329,"column":18},"end":{"line":329,"column":31}},"172":{"start":{"line":330,"column":8},"end":{"line":330,"column":20}},"173":{"start":{"line":331,"column":8},"end":{"line":331,"column":18}},"174":{"start":{"line":334,"column":4},"end":{"line":345,"column":6}},"175":{"start":{"line":335,"column":18},"end":{"line":335,"column":31}},"176":{"start":{"line":336,"column":8},"end":{"line":339,"column":22}},"177":{"start":{"line":337,"column":12},"end":{"line":337,"column":32}},"178":{"start":{"line":338,"column":12},"end":{"line":338,"column":19}},"179":{"start":{"line":341,"column":8},"end":{"line":343,"column":22}},"180":{"start":{"line":342,"column":12},"end":{"line":342,"column":31}},"181":{"start":{"line":350,"column":4},"end":{"line":372,"column":5}},"182":{"start":{"line":351,"column":8},"end":{"line":351,"column":29}},"183":{"start":{"line":356,"column":9},"end":{"line":372,"column":5}},"184":{"start":{"line":357,"column":8},"end":{"line":357,"column":26}},"185":{"start":{"line":362,"column":9},"end":{"line":372,"column":5}},"186":{"start":{"line":363,"column":8},"end":{"line":365,"column":11}},"187":{"start":{"line":364,"column":12},"end":{"line":364,"column":23}},"188":{"start":{"line":370,"column":9},"end":{"line":372,"column":5}},"189":{"start":{"line":371,"column":8},"end":{"line":371,"column":25}}},"fnMap":{"0":{"name":"(anonymous_0)","decl":{"start":{"line":24,"column":1},"end":{"line":24,"column":2}},"loc":{"start":{"line":24,"column":19},"end":{"line":374,"column":1}},"line":24},"1":{"name":"(anonymous_1)","decl":{"start":{"line":82,"column":16},"end":{"line":82,"column":17}},"loc":{"start":{"line":82,"column":31},"end":{"line":193,"column":5}},"line":82},"2":{"name":"(anonymous_2)","decl":{"start":{"line":202,"column":17},"end":{"line":202,"column":18}},"loc":{"start":{"line":202,"column":29},"end":{"line":230,"column":5}},"line":202},"3":{"name":"(anonymous_3)","decl":{"start":{"line":207,"column":20},"end":{"line":207,"column":21}},"loc":{"start":{"line":207,"column":32},"end":{"line":211,"column":9}},"line":207},"4":{"name":"(anonymous_4)","decl":{"start":{"line":208,"column":19},"end":{"line":208,"column":20}},"loc":{"start":{"line":208,"column":31},"end":{"line":210,"column":13}},"line":208},"5":{"name":"(anonymous_5)","decl":{"start":{"line":213,"column":23},"end":{"line":213,"column":24}},"loc":{"start":{"line":213,"column":55},"end":{"line":220,"column":9}},"line":213},"6":{"name":"(anonymous_6)","decl":{"start":{"line":222,"column":19},"end":{"line":222,"column":20}},"loc":{"start":{"line":222,"column":34},"end":{"line":228,"column":9}},"line":222},"7":{"name":"(anonymous_7)","decl":{"start":{"line":232,"column":22},"end":{"line":232,"column":23}},"loc":{"start":{"line":232,"column":34},"end":{"line":241,"column":5}},"line":232},"8":{"name":"(anonymous_8)","decl":{"start":{"line":236,"column":23},"end":{"line":236,"column":24}},"loc":{"start":{"line":236,"column":55},"end":{"line":239,"column":9}},"line":236},"9":{"name":"(anonymous_9)","decl":{"start":{"line":243,"column":16},"end":{"line":243,"column":17}},"loc":{"start":{"line":243,"column":28},"end":{"line":251,"column":5}},"line":243},"10":{"name":"(anonymous_10)","decl":{"start":{"line":253,"column":24},"end":{"line":253,"column":25}},"loc":{"start":{"line":253,"column":36},"end":{"line":263,"column":5}},"line":253},"11":{"name":"(anonymous_11)","decl":{"start":{"line":265,"column":23},"end":{"line":265,"column":24}},"loc":{"start":{"line":265,"column":35},"end":{"line":270,"column":5}},"line":265},"12":{"name":"(anonymous_12)","decl":{"start":{"line":272,"column":21},"end":{"line":272,"column":22}},"loc":{"start":{"line":272,"column":33},"end":{"line":280,"column":5}},"line":272},"13":{"name":"(anonymous_13)","decl":{"start":{"line":282,"column":23},"end":{"line":282,"column":24}},"loc":{"start":{"line":282,"column":40},"end":{"line":296,"column":5}},"line":282},"14":{"name":"(anonymous_14)","decl":{"start":{"line":298,"column":22},"end":{"line":298,"column":23}},"loc":{"start":{"line":298,"column":34},"end":{"line":302,"column":5}},"line":298},"15":{"name":"(anonymous_15)","decl":{"start":{"line":304,"column":20},"end":{"line":304,"column":21}},"loc":{"start":{"line":304,"column":32},"end":{"line":311,"column":5}},"line":304},"16":{"name":"(anonymous_16)","decl":{"start":{"line":313,"column":16},"end":{"line":313,"column":17}},"loc":{"start":{"line":313,"column":27},"end":{"line":316,"column":5}},"line":313},"17":{"name":"(anonymous_17)","decl":{"start":{"line":318,"column":15},"end":{"line":318,"column":16}},"loc":{"start":{"line":318,"column":30},"end":{"line":326,"column":5}},"line":318},"18":{"name":"(anonymous_18)","decl":{"start":{"line":328,"column":16},"end":{"line":328,"column":17}},"loc":{"start":{"line":328,"column":30},"end":{"line":332,"column":5}},"line":328},"19":{"name":"(anonymous_19)","decl":{"start":{"line":334,"column":15},"end":{"line":334,"column":16}},"loc":{"start":{"line":334,"column":29},"end":{"line":345,"column":5}},"line":334},"20":{"name":"(anonymous_20)","decl":{"start":{"line":363,"column":19},"end":{"line":363,"column":20}},"loc":{"start":{"line":363,"column":31},"end":{"line":365,"column":9}},"line":363}},"branchMap":{"0":{"loc":{"start":{"line":97,"column":12},"end":{"line":109,"column":13}},"type":"if","locations":[{"start":{"line":97,"column":12},"end":{"line":109,"column":13}},{"start":{"line":97,"column":12},"end":{"line":109,"column":13}}],"line":97},"1":{"loc":{"start":{"line":98,"column":16},"end":{"line":99,"column":45}},"type":"if","locations":[{"start":{"line":98,"column":16},"end":{"line":99,"column":45}},{"start":{"line":98,"column":16},"end":{"line":99,"column":45}}],"line":98},"2":{"loc":{"start":{"line":101,"column":16},"end":{"line":104,"column":17}},"type":"if","locations":[{"start":{"line":101,"column":16},"end":{"line":104,"column":17}},{"start":{"line":101,"column":16},"end":{"line":104,"column":17}}],"line":101},"3":{"loc":{"start":{"line":111,"column":12},"end":{"line":117,"column":13}},"type":"if","locations":[{"start":{"line":111,"column":12},"end":{"line":117,"column":13}},{"start":{"line":111,"column":12},"end":{"line":117,"column":13}}],"line":111},"4":{"loc":{"start":{"line":113,"column":16},"end":{"line":115,"column":17}},"type":"if","locations":[{"start":{"line":113,"column":16},"end":{"line":115,"column":17}},{"start":{"line":113,"column":16},"end":{"line":115,"column":17}}],"line":113},"5":{"loc":{"start":{"line":113,"column":20},"end":{"line":113,"column":84}},"type":"binary-expr","locations":[{"start":{"line":113,"column":20},"end":{"line":113,"column":31}},{"start":{"line":113,"column":36},"end":{"line":113,"column":43}},{"start":{"line":113,"column":47},"end":{"line":113,"column":54}},{"start":{"line":113,"column":58},"end":{"line":113,"column":83}}],"line":113},"6":{"loc":{"start":{"line":120,"column":12},"end":{"line":139,"column":13}},"type":"if","locations":[{"start":{"line":120,"column":12},"end":{"line":139,"column":13}},{"start":{"line":120,"column":12},"end":{"line":139,"column":13}}],"line":120},"7":{"loc":{"start":{"line":122,"column":16},"end":{"line":130,"column":17}},"type":"if","locations":[{"start":{"line":122,"column":16},"end":{"line":130,"column":17}},{"start":{"line":122,"column":16},"end":{"line":130,"column":17}}],"line":122},"8":{"loc":{"start":{"line":122,"column":21},"end":{"line":122,"column":79}},"type":"binary-expr","locations":[{"start":{"line":122,"column":22},"end":{"line":122,"column":33}},{"start":{"line":122,"column":37},"end":{"line":122,"column":46}},{"start":{"line":122,"column":51},"end":{"line":122,"column":79}}],"line":122},"9":{"loc":{"start":{"line":123,"column":20},"end":{"line":129,"column":21}},"type":"if","locations":[{"start":{"line":123,"column":20},"end":{"line":129,"column":21}},{"start":{"line":123,"column":20},"end":{"line":129,"column":21}}],"line":123},"10":{"loc":{"start":{"line":123,"column":24},"end":{"line":123,"column":66}},"type":"binary-expr","locations":[{"start":{"line":123,"column":24},"end":{"line":123,"column":35}},{"start":{"line":123,"column":39},"end":{"line":123,"column":66}}],"line":123},"11":{"loc":{"start":{"line":132,"column":16},"end":{"line":137,"column":17}},"type":"if","locations":[{"start":{"line":132,"column":16},"end":{"line":137,"column":17}},{"start":{"line":132,"column":16},"end":{"line":137,"column":17}}],"line":132},"12":{"loc":{"start":{"line":132,"column":20},"end":{"line":132,"column":53}},"type":"binary-expr","locations":[{"start":{"line":132,"column":20},"end":{"line":132,"column":30}},{"start":{"line":132,"column":34},"end":{"line":132,"column":53}}],"line":132},"13":{"loc":{"start":{"line":142,"column":12},"end":{"line":160,"column":13}},"type":"if","locations":[{"start":{"line":142,"column":12},"end":{"line":160,"column":13}},{"start":{"line":142,"column":12},"end":{"line":160,"column":13}}],"line":142},"14":{"loc":{"start":{"line":142,"column":16},"end":{"line":142,"column":53}},"type":"binary-expr","locations":[{"start":{"line":142,"column":16},"end":{"line":142,"column":38}},{"start":{"line":142,"column":42},"end":{"line":142,"column":53}}],"line":142},"15":{"loc":{"start":{"line":143,"column":16},"end":{"line":158,"column":17}},"type":"if","locations":[{"start":{"line":143,"column":16},"end":{"line":158,"column":17}},{"start":{"line":143,"column":16},"end":{"line":158,"column":17}}],"line":143},"16":{"loc":{"start":{"line":144,"column":20},"end":{"line":153,"column":21}},"type":"if","locations":[{"start":{"line":144,"column":20},"end":{"line":153,"column":21}},{"start":{"line":144,"column":20},"end":{"line":153,"column":21}}],"line":144},"17":{"loc":{"start":{"line":163,"column":12},"end":{"line":190,"column":13}},"type":"if","locations":[{"start":{"line":163,"column":12},"end":{"line":190,"column":13}},{"start":{"line":163,"column":12},"end":{"line":190,"column":13}}],"line":163},"18":{"loc":{"start":{"line":164,"column":16},"end":{"line":167,"column":46}},"type":"if","locations":[{"start":{"line":164,"column":16},"end":{"line":167,"column":46}},{"start":{"line":164,"column":16},"end":{"line":167,"column":46}}],"line":164},"19":{"loc":{"start":{"line":166,"column":21},"end":{"line":167,"column":46}},"type":"if","locations":[{"start":{"line":166,"column":21},"end":{"line":167,"column":46}},{"start":{"line":166,"column":21},"end":{"line":167,"column":46}}],"line":166},"20":{"loc":{"start":{"line":171,"column":17},"end":{"line":190,"column":13}},"type":"if","locations":[{"start":{"line":171,"column":17},"end":{"line":190,"column":13}},{"start":{"line":171,"column":17},"end":{"line":190,"column":13}}],"line":171},"21":{"loc":{"start":{"line":172,"column":16},"end":{"line":173,"column":46}},"type":"if","locations":[{"start":{"line":172,"column":16},"end":{"line":173,"column":46}},{"start":{"line":172,"column":16},"end":{"line":173,"column":46}}],"line":172},"22":{"loc":{"start":{"line":172,"column":23},"end":{"line":172,"column":54}},"type":"binary-expr","locations":[{"start":{"line":172,"column":23},"end":{"line":172,"column":39}},{"start":{"line":172,"column":43},"end":{"line":172,"column":54}}],"line":172},"23":{"loc":{"start":{"line":177,"column":17},"end":{"line":190,"column":13}},"type":"if","locations":[{"start":{"line":177,"column":17},"end":{"line":190,"column":13}},{"start":{"line":177,"column":17},"end":{"line":190,"column":13}}],"line":177},"24":{"loc":{"start":{"line":180,"column":17},"end":{"line":190,"column":13}},"type":"if","locations":[{"start":{"line":180,"column":17},"end":{"line":190,"column":13}},{"start":{"line":180,"column":17},"end":{"line":190,"column":13}}],"line":180},"25":{"loc":{"start":{"line":184,"column":17},"end":{"line":190,"column":13}},"type":"if","locations":[{"start":{"line":184,"column":17},"end":{"line":190,"column":13}},{"start":{"line":184,"column":17},"end":{"line":190,"column":13}}],"line":184},"26":{"loc":{"start":{"line":184,"column":22},"end":{"line":184,"column":46}},"type":"binary-expr","locations":[{"start":{"line":184,"column":22},"end":{"line":184,"column":33}},{"start":{"line":184,"column":37},"end":{"line":184,"column":46}}],"line":184},"27":{"loc":{"start":{"line":185,"column":16},"end":{"line":186,"column":47}},"type":"if","locations":[{"start":{"line":185,"column":16},"end":{"line":186,"column":47}},{"start":{"line":185,"column":16},"end":{"line":186,"column":47}}],"line":185},"28":{"loc":{"start":{"line":188,"column":17},"end":{"line":190,"column":13}},"type":"if","locations":[{"start":{"line":188,"column":17},"end":{"line":190,"column":13}},{"start":{"line":188,"column":17},"end":{"line":190,"column":13}}],"line":188},"29":{"loc":{"start":{"line":214,"column":24},"end":{"line":216,"column":63}},"type":"cond-expr","locations":[{"start":{"line":215,"column":16},"end":{"line":215,"column":48}},{"start":{"line":216,"column":16},"end":{"line":216,"column":63}}],"line":214},"30":{"loc":{"start":{"line":223,"column":12},"end":{"line":226,"column":13}},"type":"if","locations":[{"start":{"line":223,"column":12},"end":{"line":226,"column":13}},{"start":{"line":223,"column":12},"end":{"line":226,"column":13}}],"line":223},"31":{"loc":{"start":{"line":258,"column":12},"end":{"line":260,"column":13}},"type":"if","locations":[{"start":{"line":258,"column":12},"end":{"line":260,"column":13}},{"start":{"line":258,"column":12},"end":{"line":260,"column":13}}],"line":258},"32":{"loc":{"start":{"line":258,"column":19},"end":{"line":258,"column":42}},"type":"binary-expr","locations":[{"start":{"line":258,"column":19},"end":{"line":258,"column":29}},{"start":{"line":258,"column":33},"end":{"line":258,"column":42}}],"line":258},"33":{"loc":{"start":{"line":274,"column":8},"end":{"line":276,"column":9}},"type":"if","locations":[{"start":{"line":274,"column":8},"end":{"line":276,"column":9}},{"start":{"line":274,"column":8},"end":{"line":276,"column":9}}],"line":274},"34":{"loc":{"start":{"line":274,"column":12},"end":{"line":274,"column":126}},"type":"binary-expr","locations":[{"start":{"line":274,"column":12},"end":{"line":274,"column":55}},{"start":{"line":274,"column":59},"end":{"line":274,"column":80}},{"start":{"line":274,"column":84},"end":{"line":274,"column":126}}],"line":274},"35":{"loc":{"start":{"line":274,"column":15},"end":{"line":274,"column":54}},"type":"binary-expr","locations":[{"start":{"line":274,"column":15},"end":{"line":274,"column":39}},{"start":{"line":274,"column":43},"end":{"line":274,"column":54}}],"line":274},"36":{"loc":{"start":{"line":283,"column":8},"end":{"line":294,"column":9}},"type":"if","locations":[{"start":{"line":283,"column":8},"end":{"line":294,"column":9}},{"start":{"line":283,"column":8},"end":{"line":294,"column":9}}],"line":283},"37":{"loc":{"start":{"line":286,"column":13},"end":{"line":294,"column":9}},"type":"if","locations":[{"start":{"line":286,"column":13},"end":{"line":294,"column":9}},{"start":{"line":286,"column":13},"end":{"line":294,"column":9}}],"line":286},"38":{"loc":{"start":{"line":289,"column":13},"end":{"line":294,"column":9}},"type":"if","locations":[{"start":{"line":289,"column":13},"end":{"line":294,"column":9}},{"start":{"line":289,"column":13},"end":{"line":294,"column":9}}],"line":289},"39":{"loc":{"start":{"line":292,"column":13},"end":{"line":294,"column":9}},"type":"if","locations":[{"start":{"line":292,"column":13},"end":{"line":294,"column":9}},{"start":{"line":292,"column":13},"end":{"line":294,"column":9}}],"line":292},"40":{"loc":{"start":{"line":305,"column":8},"end":{"line":307,"column":9}},"type":"if","locations":[{"start":{"line":305,"column":8},"end":{"line":307,"column":9}},{"start":{"line":305,"column":8},"end":{"line":307,"column":9}}],"line":305},"41":{"loc":{"start":{"line":314,"column":8},"end":{"line":315,"column":35}},"type":"if","locations":[{"start":{"line":314,"column":8},"end":{"line":315,"column":35}},{"start":{"line":314,"column":8},"end":{"line":315,"column":35}}],"line":314},"42":{"loc":{"start":{"line":350,"column":4},"end":{"line":372,"column":5}},"type":"if","locations":[{"start":{"line":350,"column":4},"end":{"line":372,"column":5}},{"start":{"line":350,"column":4},"end":{"line":372,"column":5}}],"line":350},"43":{"loc":{"start":{"line":350,"column":9},"end":{"line":350,"column":55}},"type":"binary-expr","locations":[{"start":{"line":350,"column":9},"end":{"line":350,"column":37}},{"start":{"line":350,"column":41},"end":{"line":350,"column":55}}],"line":350},"44":{"loc":{"start":{"line":356,"column":9},"end":{"line":372,"column":5}},"type":"if","locations":[{"start":{"line":356,"column":9},"end":{"line":372,"column":5}},{"start":{"line":356,"column":9},"end":{"line":372,"column":5}}],"line":356},"45":{"loc":{"start":{"line":362,"column":9},"end":{"line":372,"column":5}},"type":"if","locations":[{"start":{"line":362,"column":9},"end":{"line":372,"column":5}},{"start":{"line":362,"column":9},"end":{"line":372,"column":5}}],"line":362},"46":{"loc":{"start":{"line":362,"column":13},"end":{"line":362,"column":73}},"type":"binary-expr","locations":[{"start":{"line":362,"column":13},"end":{"line":362,"column":40}},{"start":{"line":362,"column":44},"end":{"line":362,"column":73}}],"line":362},"47":{"loc":{"start":{"line":370,"column":9},"end":{"line":372,"column":5}},"type":"if","locations":[{"start":{"line":370,"column":9},"end":{"line":372,"column":5}},{"start":{"line":370,"column":9},"end":{"line":372,"column":5}}],"line":370}},"s":{"0":1,"1":1,"2":1,"3":1,"4":1,"5":1,"6":1,"7":1,"8":1,"9":1,"10":1,"11":1,"12":1,"13":1,"14":1,"15":1,"16":1,"17":1,"18":1,"19":1,"20":1,"21":1,"22":1,"23":1,"24":1,"25":60,"26":60,"27":60,"28":60,"29":60,"30":60,"31":10624,"32":10624,"33":10624,"34":60,"35":0,"36":60,"37":1,"38":1,"39":60,"40":60,"41":60,"42":10564,"43":105,"44":0,"45":105,"46":10564,"47":4905,"48":0,"49":0,"50":0,"51":4905,"52":0,"53":0,"54":0,"55":0,"56":4905,"57":10564,"58":0,"59":0,"60":0,"61":0,"62":0,"63":0,"64":0,"65":0,"66":0,"67":0,"68":0,"69":10564,"70":164,"71":164,"72":0,"73":0,"74":164,"75":164,"76":10400,"77":0,"78":0,"79":0,"80":0,"81":10400,"82":4740,"83":5660,"84":5660,"85":5660,"86":0,"87":0,"88":0,"89":0,"90":0,"91":60,"92":1,"93":0,"94":0,"95":0,"96":0,"97":0,"98":0,"99":0,"100":0,"101":0,"102":0,"103":0,"104":0,"105":0,"106":0,"107":0,"108":0,"109":0,"110":0,"111":1,"112":0,"113":0,"114":0,"115":0,"116":0,"117":0,"118":0,"119":1,"120":60,"121":60,"122":60,"123":60,"124":60,"125":60,"126":60,"127":1,"128":0,"129":0,"130":0,"131":0,"132":0,"133":0,"134":1,"135":165,"136":165,"137":165,"138":165,"139":1,"140":165,"141":165,"142":0,"143":165,"144":165,"145":165,"146":1,"147":4905,"148":4905,"149":0,"150":0,"151":0,"152":0,"153":0,"154":0,"155":4905,"156":1,"157":5070,"158":5070,"159":1,"160":4905,"161":4905,"162":4905,"163":4905,"164":4905,"165":1,"166":21639,"167":0,"168":1,"169":0,"170":1,"171":0,"172":0,"173":0,"174":1,"175":0,"176":0,"177":0,"178":0,"179":0,"180":0,"181":1,"182":1,"183":0,"184":0,"185":0,"186":0,"187":0,"188":0,"189":0},"f":{"0":1,"1":60,"2":0,"3":0,"4":0,"5":0,"6":0,"7":0,"8":0,"9":60,"10":0,"11":165,"12":165,"13":4905,"14":5070,"15":4905,"16":21639,"17":0,"18":0,"19":0,"20":0},"b":{"0":[60,10564],"1":[0,60],"2":[1,59],"3":[105,10459],"4":[0,105],"5":[105,0,0,0],"6":[4905,5659],"7":[0,4905],"8":[4905,4905,0],"9":[0,0],"10":[0,0],"11":[0,4905],"12":[4905,0],"13":[0,10564],"14":[10564,10564],"15":[0,0],"16":[0,0],"17":[164,10400],"18":[164,0],"19":[0,0],"20":[0,10400],"21":[0,0],"22":[0,0],"23":[4740,5660],"24":[5660,0],"25":[0,0],"26":[0,0],"27":[0,0],"28":[0,0],"29":[0,0],"30":[0,0],"31":[0,0],"32":[0,0],"33":[0,165],"34":[165,165,105],"35":[165,165],"36":[4905,0],"37":[0,0],"38":[0,0],"39":[0,0],"40":[4905,0],"41":[0,21639],"42":[1,0],"43":[1,1],"44":[0,0],"45":[0,0],"46":[0,0],"47":[0,0]},"_coverageSchema":"332fd63041d2c1bcb487cc26dd0d5f7d97098a6c","hash":"1bc25b87f50aa11cd6435584d3ce04a78f775617"}
}
