TN:
SF:E:\Workspace\SetTempRange\static\js\setTempUILimited.js
FN:41,calTmpLmt
FN:122,localCheckMode
FN:146,localCalStaTmpLmt
FN:217,localTuneCoolHeat
FN:240,localGetDymTmp
FN:303,localGetStaAndDynTmp
FNF:6
FNH:6
FNDA:45,calTmpLmt
FNDA:45,localCheckMode
FNDA:45,localCalStaTmpLmt
FNDA:30,localTuneCoolHeat
FNDA:45,localGetDymTmp
FNDA:219,localGetStaAndDynTmp
DA:21,1
DA:43,45
DA:44,45
DA:48,45
DA:56,45
DA:65,45
DA:73,45
DA:76,45
DA:79,45
DA:82,45
DA:85,45
DA:86,43
DA:87,43
DA:88,215
DA:89,215
DA:90,215
DA:92,43
DA:93,43
DA:94,43
DA:96,2
DA:97,2
DA:98,4
DA:99,4
DA:100,4
DA:103,2
DA:106,2
DA:111,45
DA:113,30
DA:114,30
DA:115,30
DA:123,45
DA:124,45
DA:125,97
DA:126,60
DA:129,41
DA:130,19
DA:133,2
DA:137,43
DA:138,4
DA:140,43
DA:148,45
DA:149,98
DA:151,45
DA:155,45
DA:159,45
DA:160,53
DA:161,53
DA:165,53
DA:169,53
DA:173,53
DA:177,53
DA:181,53
DA:182,53
DA:185,98
DA:186,98
DA:190,98
DA:194,98
DA:197,98
DA:198,98
DA:202,98
DA:206,98
DA:218,30
DA:219,30
DA:222,30
DA:227,30
DA:228,1
DA:230,30
DA:231,1
DA:234,30
DA:241,45
DA:242,98
DA:243,98
DA:245,45
DA:249,45
DA:253,53
DA:254,53
DA:258,53
DA:262,53
DA:266,53
DA:272,98
DA:273,98
DA:277,98
DA:283,98
DA:284,98
DA:288,98
DA:304,219
DA:305,80
DA:307,139
DA:308,139
DA:309,139
DA:311,139
DA:314,45
DA:318,1
LF:93
LH:93
BRDA:85,0,0,43
BRDA:85,0,1,2
BRDA:111,1,0,30
BRDA:111,1,1,15
BRDA:111,2,0,45
BRDA:111,2,1,15
BRDA:125,3,0,60
BRDA:125,3,1,37
BRDA:126,4,0,41
BRDA:126,4,1,19
BRDA:126,5,0,60
BRDA:126,5,1,52
BRDA:126,5,2,52
BRDA:130,6,0,2
BRDA:130,6,1,17
BRDA:130,7,0,19
BRDA:130,7,1,19
BRDA:130,7,2,19
BRDA:137,8,0,4
BRDA:137,8,1,39
BRDA:149,9,0,45
BRDA:149,9,1,53
BRDA:149,10,0,98
BRDA:149,10,1,98
BRDA:160,11,0,53
BRDA:160,11,1,0
BRDA:185,12,0,98
BRDA:185,12,1,0
BRDA:197,13,0,98
BRDA:197,13,1,0
BRDA:220,14,0,13
BRDA:220,14,1,17
BRDA:223,15,0,10
BRDA:223,15,1,20
BRDA:227,16,0,1
BRDA:227,16,1,29
BRDA:230,17,0,1
BRDA:230,17,1,29
BRDA:242,18,0,98
BRDA:242,18,1,0
BRDA:243,19,0,45
BRDA:243,19,1,53
BRDA:243,20,0,98
BRDA:243,20,1,98
BRDA:253,21,0,53
BRDA:253,21,1,0
BRDA:272,22,0,98
BRDA:272,22,1,0
BRDA:283,23,0,98
BRDA:283,23,1,0
BRDA:304,24,0,80
BRDA:304,24,1,139
BRDA:304,25,0,219
BRDA:304,25,1,182
BRF:54
BRH:47
end_of_record
TN:
SF:E:\Workspace\SetTempRange\static\vendor\csv.js
FN:24,(anonymous_0)
FN:82,(anonymous_1)
FN:202,(anonymous_2)
FN:207,(anonymous_3)
FN:208,(anonymous_4)
FN:213,(anonymous_5)
FN:222,(anonymous_6)
FN:232,(anonymous_7)
FN:236,(anonymous_8)
FN:243,(anonymous_9)
FN:253,(anonymous_10)
FN:265,(anonymous_11)
FN:272,(anonymous_12)
FN:282,(anonymous_13)
FN:298,(anonymous_14)
FN:304,(anonymous_15)
FN:313,(anonymous_16)
FN:318,(anonymous_17)
FN:328,(anonymous_18)
FN:334,(anonymous_19)
FN:363,(anonymous_20)
FNF:21
FNH:9
FNDA:1,(anonymous_0)
FNDA:180,(anonymous_1)
FNDA:0,(anonymous_2)
FNDA:0,(anonymous_3)
FNDA:0,(anonymous_4)
FNDA:0,(anonymous_5)
FNDA:0,(anonymous_6)
FNDA:0,(anonymous_7)
FNDA:0,(anonymous_8)
FNDA:180,(anonymous_9)
FNDA:0,(anonymous_10)
FNDA:564,(anonymous_11)
FNDA:564,(anonymous_12)
FNDA:16098,(anonymous_13)
FNDA:16662,(anonymous_14)
FNDA:16098,(anonymous_15)
FNDA:70829,(anonymous_16)
FNDA:0,(anonymous_17)
FNDA:0,(anonymous_18)
FNDA:0,(anonymous_19)
FNDA:0,(anonymous_20)
DA:24,1
DA:31,1
DA:32,1
DA:33,1
DA:34,1
DA:35,1
DA:36,1
DA:37,1
DA:38,1
DA:39,1
DA:41,1
DA:43,1
DA:44,1
DA:45,1
DA:46,1
DA:48,1
DA:49,1
DA:50,1
DA:51,1
DA:52,1
DA:55,1
DA:56,1
DA:57,1
DA:58,1
DA:82,1
DA:83,180
DA:84,180
DA:85,180
DA:86,180
DA:88,180
DA:91,180
DA:93,34738
DA:94,34738
DA:97,34738
DA:98,180
DA:99,0
DA:101,180
DA:102,45
DA:103,45
DA:106,180
DA:107,180
DA:108,180
DA:111,34558
DA:113,384
DA:114,0
DA:116,384
DA:120,34558
DA:122,16098
DA:123,0
DA:124,0
DA:128,0
DA:132,16098
DA:133,0
DA:134,0
DA:135,0
DA:136,0
DA:138,16098
DA:142,34558
DA:143,0
DA:144,0
DA:145,0
DA:146,0
DA:147,0
DA:150,0
DA:151,0
DA:152,0
DA:156,0
DA:157,0
DA:159,0
DA:163,34558
DA:164,519
DA:165,519
DA:166,0
DA:167,0
DA:168,519
DA:169,519
DA:171,34039
DA:172,0
DA:173,0
DA:174,0
DA:175,0
DA:177,34039
DA:178,15534
DA:180,18505
DA:181,18505
DA:182,18505
DA:184,0
DA:185,0
DA:186,0
DA:188,0
DA:189,0
DA:192,180
DA:202,1
DA:203,0
DA:204,0
DA:205,0
DA:206,0
DA:207,0
DA:208,0
DA:209,0
DA:213,0
DA:214,0
DA:217,0
DA:218,0
DA:219,0
DA:222,0
DA:223,0
DA:224,0
DA:225,0
DA:227,0
DA:229,0
DA:232,1
DA:233,0
DA:234,0
DA:235,0
DA:236,0
DA:237,0
DA:238,0
DA:240,0
DA:243,1
DA:244,180
DA:245,180
DA:246,180
DA:247,180
DA:248,180
DA:249,180
DA:250,180
DA:253,1
DA:254,0
DA:256,0
DA:257,0
DA:258,0
DA:259,0
DA:262,0
DA:265,1
DA:266,564
DA:267,564
DA:268,564
DA:269,564
DA:272,1
DA:273,564
DA:274,564
DA:275,0
DA:277,564
DA:278,564
DA:279,564
DA:282,1
DA:283,16098
DA:284,16098
DA:286,0
DA:287,0
DA:289,0
DA:290,0
DA:292,0
DA:293,0
DA:295,16098
DA:298,1
DA:299,16662
DA:301,16662
DA:304,1
DA:305,16098
DA:306,16098
DA:308,16098
DA:309,16098
DA:310,16098
DA:313,1
DA:314,70829
DA:315,0
DA:318,1
DA:319,0
DA:328,1
DA:329,0
DA:330,0
DA:331,0
DA:334,1
DA:335,0
DA:336,0
DA:337,0
DA:338,0
DA:341,0
DA:342,0
DA:350,1
DA:351,1
DA:356,0
DA:357,0
DA:362,0
DA:363,0
DA:364,0
DA:370,0
DA:371,0
LF:190
LH:103
BRDA:97,0,0,180
BRDA:97,0,1,34558
BRDA:98,1,0,0
BRDA:98,1,1,180
BRDA:101,2,0,45
BRDA:101,2,1,135
BRDA:111,3,0,384
BRDA:111,3,1,34174
BRDA:113,4,0,0
BRDA:113,4,1,384
BRDA:113,5,0,384
BRDA:113,5,1,0
BRDA:113,5,2,0
BRDA:113,5,3,0
BRDA:120,6,0,16098
BRDA:120,6,1,18460
BRDA:122,7,0,0
BRDA:122,7,1,16098
BRDA:122,8,0,16098
BRDA:122,8,1,16098
BRDA:122,8,2,0
BRDA:123,9,0,0
BRDA:123,9,1,0
BRDA:123,10,0,0
BRDA:123,10,1,0
BRDA:132,11,0,0
BRDA:132,11,1,16098
BRDA:132,12,0,16098
BRDA:132,12,1,0
BRDA:142,13,0,0
BRDA:142,13,1,34558
BRDA:142,14,0,34558
BRDA:142,14,1,34558
BRDA:143,15,0,0
BRDA:143,15,1,0
BRDA:144,16,0,0
BRDA:144,16,1,0
BRDA:163,17,0,519
BRDA:163,17,1,34039
BRDA:164,18,0,519
BRDA:164,18,1,0
BRDA:166,19,0,0
BRDA:166,19,1,0
BRDA:171,20,0,0
BRDA:171,20,1,34039
BRDA:172,21,0,0
BRDA:172,21,1,0
BRDA:172,22,0,0
BRDA:172,22,1,0
BRDA:177,23,0,15534
BRDA:177,23,1,18505
BRDA:180,24,0,18505
BRDA:180,24,1,0
BRDA:184,25,0,0
BRDA:184,25,1,0
BRDA:184,26,0,0
BRDA:184,26,1,0
BRDA:185,27,0,0
BRDA:185,27,1,0
BRDA:188,28,0,0
BRDA:188,28,1,0
BRDA:214,29,0,0
BRDA:214,29,1,0
BRDA:223,30,0,0
BRDA:223,30,1,0
BRDA:258,31,0,0
BRDA:258,31,1,0
BRDA:258,32,0,0
BRDA:258,32,1,0
BRDA:274,33,0,0
BRDA:274,33,1,564
BRDA:274,34,0,564
BRDA:274,34,1,564
BRDA:274,34,2,384
BRDA:274,35,0,564
BRDA:274,35,1,564
BRDA:283,36,0,16098
BRDA:283,36,1,0
BRDA:286,37,0,0
BRDA:286,37,1,0
BRDA:289,38,0,0
BRDA:289,38,1,0
BRDA:292,39,0,0
BRDA:292,39,1,0
BRDA:305,40,0,16098
BRDA:305,40,1,0
BRDA:314,41,0,0
BRDA:314,41,1,70829
BRDA:350,42,0,1
BRDA:350,42,1,0
BRDA:350,43,0,1
BRDA:350,43,1,1
BRDA:356,44,0,0
BRDA:356,44,1,0
BRDA:362,45,0,0
BRDA:362,45,1,0
BRDA:362,46,0,0
BRDA:362,46,1,0
BRDA:370,47,0,0
BRDA:370,47,1,0
BRF:100
BRH:38
end_of_record
