TN:
SF:E:\Workspace\SetTempRange\sample\sample.js
FN:1,(anonymous_0)
FN:2,Sample
FNF:2
FNH:2
FNDA:1,(anonymous_0)
FNDA:3,Sample
DA:1,1
DA:3,3
DA:16,3
DA:28,3
DA:34,3
DA:59,1
DA:62,1
LF:7
LH:7
BRF:0
BRH:0
end_of_record
TN:
SF:E:\Workspace\SetTempRange\static\js\setTempUILimited.js
FN:39,calTmpLmt
FN:67,localGetStaTmpLmt
FN:138,localTuneCoolHeat
FNF:3
FNH:3
FNDA:9,calTmpLmt
FNDA:9,localGetStaTmpLmt
FNDA:6,localTuneCoolHeat
DA:21,1
DA:40,9
DA:41,9
DA:43,9
DA:50,9
DA:52,9
DA:53,9
DA:55,6
DA:56,6
DA:57,6
DA:69,9
DA:70,12
DA:72,3
DA:76,3
DA:80,3
DA:81,9
DA:82,9
DA:86,9
DA:90,9
DA:94,9
DA:98,9
DA:102,9
DA:103,9
DA:106,12
DA:107,12
DA:111,12
DA:115,12
DA:118,12
DA:119,12
DA:123,12
DA:127,12
DA:139,6
DA:140,6
DA:143,6
DA:147,6
DA:150,9
DA:153,1
LF:37
LH:37
BRDA:53,0,0,6
BRDA:53,0,1,3
BRDA:53,1,0,9
BRDA:53,1,1,3
BRDA:70,2,0,3
BRDA:70,2,1,9
BRDA:70,3,0,12
BRDA:70,3,1,12
BRDA:81,4,0,9
BRDA:81,4,1,0
BRDA:106,5,0,12
BRDA:106,5,1,0
BRDA:118,6,0,12
BRDA:118,6,1,0
BRDA:141,7,0,0
BRDA:141,7,1,6
BRDA:144,8,0,3
BRDA:144,8,1,3
BRF:18
BRH:14
end_of_record
